ARM GAS  /var/folders/8_/jxtd4b9s00bc88bcp7k68tjr0000gn/T//ccM1DRho.s 			page 1


   1              		.cpu cortex-m3
   2              		.eabi_attribute 20, 1
   3              		.eabi_attribute 21, 1
   4              		.eabi_attribute 23, 3
   5              		.eabi_attribute 24, 1
   6              		.eabi_attribute 25, 1
   7              		.eabi_attribute 26, 1
   8              		.eabi_attribute 30, 1
   9              		.eabi_attribute 34, 1
  10              		.eabi_attribute 18, 4
  11              		.file	"stm32f1xx_hal_msp.c"
  12              		.text
  13              	.Ltext0:
  14              		.cfi_sections	.debug_frame
  15              		.section	.text.HAL_MspInit,"ax",%progbits
  16              		.align	1
  17              		.global	HAL_MspInit
  18              		.arch armv7-m
  19              		.syntax unified
  20              		.thumb
  21              		.thumb_func
  22              		.fpu softvfp
  24              	HAL_MspInit:
  25              	.LFB65:
  26              		.file 1 "stm32f1xx_hal_msp.c"
   1:stm32f1xx_hal_msp.c **** /* USER CODE BEGIN Header */
   2:stm32f1xx_hal_msp.c **** /**
   3:stm32f1xx_hal_msp.c ****   ******************************************************************************
   4:stm32f1xx_hal_msp.c ****   * @file         stm32f1xx_hal_msp.c
   5:stm32f1xx_hal_msp.c ****   * @brief        This file provides code for the MSP Initialization
   6:stm32f1xx_hal_msp.c ****   *               and de-Initialization codes.
   7:stm32f1xx_hal_msp.c ****   ******************************************************************************
   8:stm32f1xx_hal_msp.c ****   * @attention
   9:stm32f1xx_hal_msp.c ****   *
  10:stm32f1xx_hal_msp.c ****   * <h2><center>&copy; Copyright (c) 2021 STMicroelectronics.
  11:stm32f1xx_hal_msp.c ****   * All rights reserved.</center></h2>
  12:stm32f1xx_hal_msp.c ****   *
  13:stm32f1xx_hal_msp.c ****   * This software component is licensed by ST under BSD 3-Clause license,
  14:stm32f1xx_hal_msp.c ****   * the "License"; You may not use this file except in compliance with the
  15:stm32f1xx_hal_msp.c ****   * License. You may obtain a copy of the License at:
  16:stm32f1xx_hal_msp.c ****   *                        opensource.org/licenses/BSD-3-Clause
  17:stm32f1xx_hal_msp.c ****   *
  18:stm32f1xx_hal_msp.c ****   ******************************************************************************
  19:stm32f1xx_hal_msp.c ****   */
  20:stm32f1xx_hal_msp.c **** /* USER CODE END Header */
  21:stm32f1xx_hal_msp.c **** 
  22:stm32f1xx_hal_msp.c **** /* Includes ------------------------------------------------------------------*/
  23:stm32f1xx_hal_msp.c **** #include "main.h"
  24:stm32f1xx_hal_msp.c **** /* USER CODE BEGIN Includes */
  25:stm32f1xx_hal_msp.c **** 
  26:stm32f1xx_hal_msp.c **** /* USER CODE END Includes */
  27:stm32f1xx_hal_msp.c **** 
  28:stm32f1xx_hal_msp.c **** /* Private typedef -----------------------------------------------------------*/
  29:stm32f1xx_hal_msp.c **** /* USER CODE BEGIN TD */
  30:stm32f1xx_hal_msp.c **** 
  31:stm32f1xx_hal_msp.c **** /* USER CODE END TD */
  32:stm32f1xx_hal_msp.c **** 
ARM GAS  /var/folders/8_/jxtd4b9s00bc88bcp7k68tjr0000gn/T//ccM1DRho.s 			page 2


  33:stm32f1xx_hal_msp.c **** /* Private define ------------------------------------------------------------*/
  34:stm32f1xx_hal_msp.c **** /* USER CODE BEGIN Define */
  35:stm32f1xx_hal_msp.c **** 
  36:stm32f1xx_hal_msp.c **** /* USER CODE END Define */
  37:stm32f1xx_hal_msp.c **** 
  38:stm32f1xx_hal_msp.c **** /* Private macro -------------------------------------------------------------*/
  39:stm32f1xx_hal_msp.c **** /* USER CODE BEGIN Macro */
  40:stm32f1xx_hal_msp.c **** 
  41:stm32f1xx_hal_msp.c **** /* USER CODE END Macro */
  42:stm32f1xx_hal_msp.c **** 
  43:stm32f1xx_hal_msp.c **** /* Private variables ---------------------------------------------------------*/
  44:stm32f1xx_hal_msp.c **** /* USER CODE BEGIN PV */
  45:stm32f1xx_hal_msp.c **** 
  46:stm32f1xx_hal_msp.c **** /* USER CODE END PV */
  47:stm32f1xx_hal_msp.c **** 
  48:stm32f1xx_hal_msp.c **** /* Private function prototypes -----------------------------------------------*/
  49:stm32f1xx_hal_msp.c **** /* USER CODE BEGIN PFP */
  50:stm32f1xx_hal_msp.c **** 
  51:stm32f1xx_hal_msp.c **** /* USER CODE END PFP */
  52:stm32f1xx_hal_msp.c **** 
  53:stm32f1xx_hal_msp.c **** /* External functions --------------------------------------------------------*/
  54:stm32f1xx_hal_msp.c **** /* USER CODE BEGIN ExternalFunctions */
  55:stm32f1xx_hal_msp.c **** 
  56:stm32f1xx_hal_msp.c **** /* USER CODE END ExternalFunctions */
  57:stm32f1xx_hal_msp.c **** 
  58:stm32f1xx_hal_msp.c **** /* USER CODE BEGIN 0 */
  59:stm32f1xx_hal_msp.c **** 
  60:stm32f1xx_hal_msp.c **** /* USER CODE END 0 */
  61:stm32f1xx_hal_msp.c **** /**
  62:stm32f1xx_hal_msp.c ****   * Initializes the Global MSP.
  63:stm32f1xx_hal_msp.c ****   */
  64:stm32f1xx_hal_msp.c **** void HAL_MspInit(void)
  65:stm32f1xx_hal_msp.c **** {
  27              		.loc 1 65 1 view -0
  28              		.cfi_startproc
  29              		@ args = 0, pretend = 0, frame = 8
  30              		@ frame_needed = 0, uses_anonymous_args = 0
  31              		@ link register save eliminated.
  32 0000 82B0     		sub	sp, sp, #8
  33              	.LCFI0:
  34              		.cfi_def_cfa_offset 8
  66:stm32f1xx_hal_msp.c ****   /* USER CODE BEGIN MspInit 0 */
  67:stm32f1xx_hal_msp.c **** 
  68:stm32f1xx_hal_msp.c ****   /* USER CODE END MspInit 0 */
  69:stm32f1xx_hal_msp.c **** 
  70:stm32f1xx_hal_msp.c ****   __HAL_RCC_AFIO_CLK_ENABLE();
  35              		.loc 1 70 3 view .LVU1
  36              	.LBB2:
  37              		.loc 1 70 3 view .LVU2
  38              		.loc 1 70 3 view .LVU3
  39 0002 0E4B     		ldr	r3, .L3
  40 0004 9A69     		ldr	r2, [r3, #24]
  41 0006 42F00102 		orr	r2, r2, #1
  42 000a 9A61     		str	r2, [r3, #24]
  43              		.loc 1 70 3 view .LVU4
  44 000c 9A69     		ldr	r2, [r3, #24]
  45 000e 02F00102 		and	r2, r2, #1
ARM GAS  /var/folders/8_/jxtd4b9s00bc88bcp7k68tjr0000gn/T//ccM1DRho.s 			page 3


  46 0012 0092     		str	r2, [sp]
  47              		.loc 1 70 3 view .LVU5
  48 0014 009A     		ldr	r2, [sp]
  49              	.LBE2:
  50              		.loc 1 70 3 view .LVU6
  71:stm32f1xx_hal_msp.c ****   __HAL_RCC_PWR_CLK_ENABLE();
  51              		.loc 1 71 3 view .LVU7
  52              	.LBB3:
  53              		.loc 1 71 3 view .LVU8
  54              		.loc 1 71 3 view .LVU9
  55 0016 DA69     		ldr	r2, [r3, #28]
  56 0018 42F08052 		orr	r2, r2, #268435456
  57 001c DA61     		str	r2, [r3, #28]
  58              		.loc 1 71 3 view .LVU10
  59 001e DB69     		ldr	r3, [r3, #28]
  60 0020 03F08053 		and	r3, r3, #268435456
  61 0024 0193     		str	r3, [sp, #4]
  62              		.loc 1 71 3 view .LVU11
  63 0026 019B     		ldr	r3, [sp, #4]
  64              	.LBE3:
  65              		.loc 1 71 3 view .LVU12
  72:stm32f1xx_hal_msp.c **** 
  73:stm32f1xx_hal_msp.c ****   /* System interrupt init*/
  74:stm32f1xx_hal_msp.c **** 
  75:stm32f1xx_hal_msp.c ****   /** NOJTAG: JTAG-DP Disabled and SW-DP Enabled
  76:stm32f1xx_hal_msp.c ****   */
  77:stm32f1xx_hal_msp.c ****   __HAL_AFIO_REMAP_SWJ_NOJTAG();
  66              		.loc 1 77 3 view .LVU13
  67              	.LBB4:
  68              		.loc 1 77 3 view .LVU14
  69 0028 054A     		ldr	r2, .L3+4
  70 002a 5368     		ldr	r3, [r2, #4]
  71              	.LVL0:
  72              		.loc 1 77 3 view .LVU15
  73 002c 23F0E063 		bic	r3, r3, #117440512
  74              	.LVL1:
  75              		.loc 1 77 3 view .LVU16
  76 0030 43F00073 		orr	r3, r3, #33554432
  77              	.LVL2:
  78              		.loc 1 77 3 view .LVU17
  79 0034 5360     		str	r3, [r2, #4]
  80              	.LBE4:
  81              		.loc 1 77 3 view .LVU18
  78:stm32f1xx_hal_msp.c **** 
  79:stm32f1xx_hal_msp.c ****   /* USER CODE BEGIN MspInit 1 */
  80:stm32f1xx_hal_msp.c **** 
  81:stm32f1xx_hal_msp.c ****   /* USER CODE END MspInit 1 */
  82:stm32f1xx_hal_msp.c **** }
  82              		.loc 1 82 1 is_stmt 0 view .LVU19
  83 0036 02B0     		add	sp, sp, #8
  84              	.LCFI1:
  85              		.cfi_def_cfa_offset 0
  86              		@ sp needed
  87 0038 7047     		bx	lr
  88              	.L4:
  89 003a 00BF     		.align	2
  90              	.L3:
ARM GAS  /var/folders/8_/jxtd4b9s00bc88bcp7k68tjr0000gn/T//ccM1DRho.s 			page 4


  91 003c 00100240 		.word	1073876992
  92 0040 00000140 		.word	1073807360
  93              		.cfi_endproc
  94              	.LFE65:
  96              		.section	.text.HAL_UART_MspInit,"ax",%progbits
  97              		.align	1
  98              		.global	HAL_UART_MspInit
  99              		.syntax unified
 100              		.thumb
 101              		.thumb_func
 102              		.fpu softvfp
 104              	HAL_UART_MspInit:
 105              	.LVL3:
 106              	.LFB66:
  83:stm32f1xx_hal_msp.c **** 
  84:stm32f1xx_hal_msp.c **** /**
  85:stm32f1xx_hal_msp.c **** * @brief UART MSP Initialization
  86:stm32f1xx_hal_msp.c **** * This function configures the hardware resources used in this example
  87:stm32f1xx_hal_msp.c **** * @param huart: UART handle pointer
  88:stm32f1xx_hal_msp.c **** * @retval None
  89:stm32f1xx_hal_msp.c **** */
  90:stm32f1xx_hal_msp.c **** void HAL_UART_MspInit(UART_HandleTypeDef* huart)
  91:stm32f1xx_hal_msp.c **** {
 107              		.loc 1 91 1 is_stmt 1 view -0
 108              		.cfi_startproc
 109              		@ args = 0, pretend = 0, frame = 24
 110              		@ frame_needed = 0, uses_anonymous_args = 0
 111              		.loc 1 91 1 is_stmt 0 view .LVU21
 112 0000 30B5     		push	{r4, r5, lr}
 113              	.LCFI2:
 114              		.cfi_def_cfa_offset 12
 115              		.cfi_offset 4, -12
 116              		.cfi_offset 5, -8
 117              		.cfi_offset 14, -4
 118 0002 87B0     		sub	sp, sp, #28
 119              	.LCFI3:
 120              		.cfi_def_cfa_offset 40
  92:stm32f1xx_hal_msp.c ****   GPIO_InitTypeDef GPIO_InitStruct = {0};
 121              		.loc 1 92 3 is_stmt 1 view .LVU22
 122              		.loc 1 92 20 is_stmt 0 view .LVU23
 123 0004 0023     		movs	r3, #0
 124 0006 0293     		str	r3, [sp, #8]
 125 0008 0393     		str	r3, [sp, #12]
 126 000a 0493     		str	r3, [sp, #16]
 127 000c 0593     		str	r3, [sp, #20]
  93:stm32f1xx_hal_msp.c ****   if(huart->Instance==USART1)
 128              		.loc 1 93 3 is_stmt 1 view .LVU24
 129              		.loc 1 93 11 is_stmt 0 view .LVU25
 130 000e 0268     		ldr	r2, [r0]
 131              		.loc 1 93 5 view .LVU26
 132 0010 1B4B     		ldr	r3, .L9
 133 0012 9A42     		cmp	r2, r3
 134 0014 01D0     		beq	.L8
 135              	.LVL4:
 136              	.L5:
  94:stm32f1xx_hal_msp.c ****   {
  95:stm32f1xx_hal_msp.c ****   /* USER CODE BEGIN USART1_MspInit 0 */
ARM GAS  /var/folders/8_/jxtd4b9s00bc88bcp7k68tjr0000gn/T//ccM1DRho.s 			page 5


  96:stm32f1xx_hal_msp.c **** 
  97:stm32f1xx_hal_msp.c ****   /* USER CODE END USART1_MspInit 0 */
  98:stm32f1xx_hal_msp.c ****     /* Peripheral clock enable */
  99:stm32f1xx_hal_msp.c ****     __HAL_RCC_USART1_CLK_ENABLE();
 100:stm32f1xx_hal_msp.c **** 
 101:stm32f1xx_hal_msp.c ****     __HAL_RCC_GPIOA_CLK_ENABLE();
 102:stm32f1xx_hal_msp.c ****     /**USART1 GPIO Configuration
 103:stm32f1xx_hal_msp.c ****     PA9     ------> USART1_TX
 104:stm32f1xx_hal_msp.c ****     PA10     ------> USART1_RX
 105:stm32f1xx_hal_msp.c ****     */
 106:stm32f1xx_hal_msp.c ****     GPIO_InitStruct.Pin = GPIO_PIN_9;
 107:stm32f1xx_hal_msp.c ****     GPIO_InitStruct.Mode = GPIO_MODE_AF_PP;
 108:stm32f1xx_hal_msp.c ****     GPIO_InitStruct.Speed = GPIO_SPEED_FREQ_HIGH;
 109:stm32f1xx_hal_msp.c ****     HAL_GPIO_Init(GPIOA, &GPIO_InitStruct);
 110:stm32f1xx_hal_msp.c **** 
 111:stm32f1xx_hal_msp.c ****     GPIO_InitStruct.Pin = GPIO_PIN_10;
 112:stm32f1xx_hal_msp.c ****     GPIO_InitStruct.Mode = GPIO_MODE_INPUT;
 113:stm32f1xx_hal_msp.c ****     GPIO_InitStruct.Pull = GPIO_NOPULL;
 114:stm32f1xx_hal_msp.c ****     HAL_GPIO_Init(GPIOA, &GPIO_InitStruct);
 115:stm32f1xx_hal_msp.c **** 
 116:stm32f1xx_hal_msp.c ****     /* USART1 interrupt Init */
 117:stm32f1xx_hal_msp.c ****     HAL_NVIC_SetPriority(USART1_IRQn, 0, 0);
 118:stm32f1xx_hal_msp.c ****     HAL_NVIC_EnableIRQ(USART1_IRQn);
 119:stm32f1xx_hal_msp.c ****   /* USER CODE BEGIN USART1_MspInit 1 */
 120:stm32f1xx_hal_msp.c **** 
 121:stm32f1xx_hal_msp.c ****   /* USER CODE END USART1_MspInit 1 */
 122:stm32f1xx_hal_msp.c ****   }
 123:stm32f1xx_hal_msp.c **** 
 124:stm32f1xx_hal_msp.c **** }
 137              		.loc 1 124 1 view .LVU27
 138 0016 07B0     		add	sp, sp, #28
 139              	.LCFI4:
 140              		.cfi_remember_state
 141              		.cfi_def_cfa_offset 12
 142              		@ sp needed
 143 0018 30BD     		pop	{r4, r5, pc}
 144              	.LVL5:
 145              	.L8:
 146              	.LCFI5:
 147              		.cfi_restore_state
  99:stm32f1xx_hal_msp.c **** 
 148              		.loc 1 99 5 is_stmt 1 view .LVU28
 149              	.LBB5:
  99:stm32f1xx_hal_msp.c **** 
 150              		.loc 1 99 5 view .LVU29
  99:stm32f1xx_hal_msp.c **** 
 151              		.loc 1 99 5 view .LVU30
 152 001a 03F55843 		add	r3, r3, #55296
 153 001e 9A69     		ldr	r2, [r3, #24]
 154 0020 42F48042 		orr	r2, r2, #16384
 155 0024 9A61     		str	r2, [r3, #24]
  99:stm32f1xx_hal_msp.c **** 
 156              		.loc 1 99 5 view .LVU31
 157 0026 9A69     		ldr	r2, [r3, #24]
 158 0028 02F48042 		and	r2, r2, #16384
 159 002c 0092     		str	r2, [sp]
  99:stm32f1xx_hal_msp.c **** 
ARM GAS  /var/folders/8_/jxtd4b9s00bc88bcp7k68tjr0000gn/T//ccM1DRho.s 			page 6


 160              		.loc 1 99 5 view .LVU32
 161 002e 009A     		ldr	r2, [sp]
 162              	.LBE5:
  99:stm32f1xx_hal_msp.c **** 
 163              		.loc 1 99 5 view .LVU33
 101:stm32f1xx_hal_msp.c ****     /**USART1 GPIO Configuration
 164              		.loc 1 101 5 view .LVU34
 165              	.LBB6:
 101:stm32f1xx_hal_msp.c ****     /**USART1 GPIO Configuration
 166              		.loc 1 101 5 view .LVU35
 101:stm32f1xx_hal_msp.c ****     /**USART1 GPIO Configuration
 167              		.loc 1 101 5 view .LVU36
 168 0030 9A69     		ldr	r2, [r3, #24]
 169 0032 42F00402 		orr	r2, r2, #4
 170 0036 9A61     		str	r2, [r3, #24]
 101:stm32f1xx_hal_msp.c ****     /**USART1 GPIO Configuration
 171              		.loc 1 101 5 view .LVU37
 172 0038 9B69     		ldr	r3, [r3, #24]
 173 003a 03F00403 		and	r3, r3, #4
 174 003e 0193     		str	r3, [sp, #4]
 101:stm32f1xx_hal_msp.c ****     /**USART1 GPIO Configuration
 175              		.loc 1 101 5 view .LVU38
 176 0040 019B     		ldr	r3, [sp, #4]
 177              	.LBE6:
 101:stm32f1xx_hal_msp.c ****     /**USART1 GPIO Configuration
 178              		.loc 1 101 5 view .LVU39
 106:stm32f1xx_hal_msp.c ****     GPIO_InitStruct.Mode = GPIO_MODE_AF_PP;
 179              		.loc 1 106 5 view .LVU40
 106:stm32f1xx_hal_msp.c ****     GPIO_InitStruct.Mode = GPIO_MODE_AF_PP;
 180              		.loc 1 106 25 is_stmt 0 view .LVU41
 181 0042 4FF40073 		mov	r3, #512
 182 0046 0293     		str	r3, [sp, #8]
 107:stm32f1xx_hal_msp.c ****     GPIO_InitStruct.Speed = GPIO_SPEED_FREQ_HIGH;
 183              		.loc 1 107 5 is_stmt 1 view .LVU42
 107:stm32f1xx_hal_msp.c ****     GPIO_InitStruct.Speed = GPIO_SPEED_FREQ_HIGH;
 184              		.loc 1 107 26 is_stmt 0 view .LVU43
 185 0048 0223     		movs	r3, #2
 186 004a 0393     		str	r3, [sp, #12]
 108:stm32f1xx_hal_msp.c ****     HAL_GPIO_Init(GPIOA, &GPIO_InitStruct);
 187              		.loc 1 108 5 is_stmt 1 view .LVU44
 108:stm32f1xx_hal_msp.c ****     HAL_GPIO_Init(GPIOA, &GPIO_InitStruct);
 188              		.loc 1 108 27 is_stmt 0 view .LVU45
 189 004c 0323     		movs	r3, #3
 190 004e 0593     		str	r3, [sp, #20]
 109:stm32f1xx_hal_msp.c **** 
 191              		.loc 1 109 5 is_stmt 1 view .LVU46
 192 0050 0C4D     		ldr	r5, .L9+4
 193 0052 02A9     		add	r1, sp, #8
 194 0054 2846     		mov	r0, r5
 195              	.LVL6:
 109:stm32f1xx_hal_msp.c **** 
 196              		.loc 1 109 5 is_stmt 0 view .LVU47
 197 0056 FFF7FEFF 		bl	HAL_GPIO_Init
 198              	.LVL7:
 111:stm32f1xx_hal_msp.c ****     GPIO_InitStruct.Mode = GPIO_MODE_INPUT;
 199              		.loc 1 111 5 is_stmt 1 view .LVU48
 111:stm32f1xx_hal_msp.c ****     GPIO_InitStruct.Mode = GPIO_MODE_INPUT;
ARM GAS  /var/folders/8_/jxtd4b9s00bc88bcp7k68tjr0000gn/T//ccM1DRho.s 			page 7


 200              		.loc 1 111 25 is_stmt 0 view .LVU49
 201 005a 4FF48063 		mov	r3, #1024
 202 005e 0293     		str	r3, [sp, #8]
 112:stm32f1xx_hal_msp.c ****     GPIO_InitStruct.Pull = GPIO_NOPULL;
 203              		.loc 1 112 5 is_stmt 1 view .LVU50
 112:stm32f1xx_hal_msp.c ****     GPIO_InitStruct.Pull = GPIO_NOPULL;
 204              		.loc 1 112 26 is_stmt 0 view .LVU51
 205 0060 0024     		movs	r4, #0
 206 0062 0394     		str	r4, [sp, #12]
 113:stm32f1xx_hal_msp.c ****     HAL_GPIO_Init(GPIOA, &GPIO_InitStruct);
 207              		.loc 1 113 5 is_stmt 1 view .LVU52
 113:stm32f1xx_hal_msp.c ****     HAL_GPIO_Init(GPIOA, &GPIO_InitStruct);
 208              		.loc 1 113 26 is_stmt 0 view .LVU53
 209 0064 0494     		str	r4, [sp, #16]
 114:stm32f1xx_hal_msp.c **** 
 210              		.loc 1 114 5 is_stmt 1 view .LVU54
 211 0066 02A9     		add	r1, sp, #8
 212 0068 2846     		mov	r0, r5
 213 006a FFF7FEFF 		bl	HAL_GPIO_Init
 214              	.LVL8:
 117:stm32f1xx_hal_msp.c ****     HAL_NVIC_EnableIRQ(USART1_IRQn);
 215              		.loc 1 117 5 view .LVU55
 216 006e 2246     		mov	r2, r4
 217 0070 2146     		mov	r1, r4
 218 0072 2520     		movs	r0, #37
 219 0074 FFF7FEFF 		bl	HAL_NVIC_SetPriority
 220              	.LVL9:
 118:stm32f1xx_hal_msp.c ****   /* USER CODE BEGIN USART1_MspInit 1 */
 221              		.loc 1 118 5 view .LVU56
 222 0078 2520     		movs	r0, #37
 223 007a FFF7FEFF 		bl	HAL_NVIC_EnableIRQ
 224              	.LVL10:
 225              		.loc 1 124 1 is_stmt 0 view .LVU57
 226 007e CAE7     		b	.L5
 227              	.L10:
 228              		.align	2
 229              	.L9:
 230 0080 00380140 		.word	1073821696
 231 0084 00080140 		.word	1073809408
 232              		.cfi_endproc
 233              	.LFE66:
 235              		.section	.text.HAL_UART_MspDeInit,"ax",%progbits
 236              		.align	1
 237              		.global	HAL_UART_MspDeInit
 238              		.syntax unified
 239              		.thumb
 240              		.thumb_func
 241              		.fpu softvfp
 243              	HAL_UART_MspDeInit:
 244              	.LVL11:
 245              	.LFB67:
 125:stm32f1xx_hal_msp.c **** 
 126:stm32f1xx_hal_msp.c **** /**
 127:stm32f1xx_hal_msp.c **** * @brief UART MSP De-Initialization
 128:stm32f1xx_hal_msp.c **** * This function freeze the hardware resources used in this example
 129:stm32f1xx_hal_msp.c **** * @param huart: UART handle pointer
 130:stm32f1xx_hal_msp.c **** * @retval None
ARM GAS  /var/folders/8_/jxtd4b9s00bc88bcp7k68tjr0000gn/T//ccM1DRho.s 			page 8


 131:stm32f1xx_hal_msp.c **** */
 132:stm32f1xx_hal_msp.c **** void HAL_UART_MspDeInit(UART_HandleTypeDef* huart)
 133:stm32f1xx_hal_msp.c **** {
 246              		.loc 1 133 1 is_stmt 1 view -0
 247              		.cfi_startproc
 248              		@ args = 0, pretend = 0, frame = 0
 249              		@ frame_needed = 0, uses_anonymous_args = 0
 250              		.loc 1 133 1 is_stmt 0 view .LVU59
 251 0000 08B5     		push	{r3, lr}
 252              	.LCFI6:
 253              		.cfi_def_cfa_offset 8
 254              		.cfi_offset 3, -8
 255              		.cfi_offset 14, -4
 134:stm32f1xx_hal_msp.c ****   if(huart->Instance==USART1)
 256              		.loc 1 134 3 is_stmt 1 view .LVU60
 257              		.loc 1 134 11 is_stmt 0 view .LVU61
 258 0002 0268     		ldr	r2, [r0]
 259              		.loc 1 134 5 view .LVU62
 260 0004 084B     		ldr	r3, .L15
 261 0006 9A42     		cmp	r2, r3
 262 0008 00D0     		beq	.L14
 263              	.LVL12:
 264              	.L11:
 135:stm32f1xx_hal_msp.c ****   {
 136:stm32f1xx_hal_msp.c ****   /* USER CODE BEGIN USART1_MspDeInit 0 */
 137:stm32f1xx_hal_msp.c **** 
 138:stm32f1xx_hal_msp.c ****   /* USER CODE END USART1_MspDeInit 0 */
 139:stm32f1xx_hal_msp.c ****     /* Peripheral clock disable */
 140:stm32f1xx_hal_msp.c ****     __HAL_RCC_USART1_CLK_DISABLE();
 141:stm32f1xx_hal_msp.c **** 
 142:stm32f1xx_hal_msp.c ****     /**USART1 GPIO Configuration
 143:stm32f1xx_hal_msp.c ****     PA9     ------> USART1_TX
 144:stm32f1xx_hal_msp.c ****     PA10     ------> USART1_RX
 145:stm32f1xx_hal_msp.c ****     */
 146:stm32f1xx_hal_msp.c ****     HAL_GPIO_DeInit(GPIOA, GPIO_PIN_9|GPIO_PIN_10);
 147:stm32f1xx_hal_msp.c **** 
 148:stm32f1xx_hal_msp.c ****     /* USART1 interrupt DeInit */
 149:stm32f1xx_hal_msp.c ****     HAL_NVIC_DisableIRQ(USART1_IRQn);
 150:stm32f1xx_hal_msp.c ****   /* USER CODE BEGIN USART1_MspDeInit 1 */
 151:stm32f1xx_hal_msp.c **** 
 152:stm32f1xx_hal_msp.c ****   /* USER CODE END USART1_MspDeInit 1 */
 153:stm32f1xx_hal_msp.c ****   }
 154:stm32f1xx_hal_msp.c **** 
 155:stm32f1xx_hal_msp.c **** }
 265              		.loc 1 155 1 view .LVU63
 266 000a 08BD     		pop	{r3, pc}
 267              	.LVL13:
 268              	.L14:
 140:stm32f1xx_hal_msp.c **** 
 269              		.loc 1 140 5 is_stmt 1 view .LVU64
 270 000c 074A     		ldr	r2, .L15+4
 271 000e 9369     		ldr	r3, [r2, #24]
 272 0010 23F48043 		bic	r3, r3, #16384
 273 0014 9361     		str	r3, [r2, #24]
 146:stm32f1xx_hal_msp.c **** 
 274              		.loc 1 146 5 view .LVU65
 275 0016 4FF4C061 		mov	r1, #1536
ARM GAS  /var/folders/8_/jxtd4b9s00bc88bcp7k68tjr0000gn/T//ccM1DRho.s 			page 9


 276 001a 0548     		ldr	r0, .L15+8
 277              	.LVL14:
 146:stm32f1xx_hal_msp.c **** 
 278              		.loc 1 146 5 is_stmt 0 view .LVU66
 279 001c FFF7FEFF 		bl	HAL_GPIO_DeInit
 280              	.LVL15:
 149:stm32f1xx_hal_msp.c ****   /* USER CODE BEGIN USART1_MspDeInit 1 */
 281              		.loc 1 149 5 is_stmt 1 view .LVU67
 282 0020 2520     		movs	r0, #37
 283 0022 FFF7FEFF 		bl	HAL_NVIC_DisableIRQ
 284              	.LVL16:
 285              		.loc 1 155 1 is_stmt 0 view .LVU68
 286 0026 F0E7     		b	.L11
 287              	.L16:
 288              		.align	2
 289              	.L15:
 290 0028 00380140 		.word	1073821696
 291 002c 00100240 		.word	1073876992
 292 0030 00080140 		.word	1073809408
 293              		.cfi_endproc
 294              	.LFE67:
 296              		.text
 297              	.Letext0:
 298              		.file 2 "/usr/local/Cellar/arm-none-eabi-gcc/9-2019-q4-major/gcc/arm-none-eabi/include/machine/_de
 299              		.file 3 "/usr/local/Cellar/arm-none-eabi-gcc/9-2019-q4-major/gcc/arm-none-eabi/include/sys/_stdint
 300              		.file 4 "../../../Drivers/CMSIS/Include/core_cm3.h"
 301              		.file 5 "../../../Drivers/CMSIS/Device/ST/STM32F1xx/Include/system_stm32f1xx.h"
 302              		.file 6 "../../../Drivers/CMSIS/Device/ST/STM32F1xx/Include/stm32f103xe.h"
 303              		.file 7 "../../../Drivers/STM32F1xx_HAL_Driver/Inc/stm32f1xx_hal_def.h"
 304              		.file 8 "../../../Drivers/STM32F1xx_HAL_Driver/Inc/stm32f1xx_hal_gpio.h"
 305              		.file 9 "../../../Drivers/STM32F1xx_HAL_Driver/Inc/stm32f1xx_hal_dma.h"
 306              		.file 10 "../../../Drivers/STM32F1xx_HAL_Driver/Inc/stm32f1xx_hal_uart.h"
 307              		.file 11 "../../../Drivers/STM32F1xx_HAL_Driver/Inc/stm32f1xx_hal.h"
 308              		.file 12 "../../../Drivers/STM32F1xx_HAL_Driver/Inc/stm32f1xx_hal_cortex.h"
ARM GAS  /var/folders/8_/jxtd4b9s00bc88bcp7k68tjr0000gn/T//ccM1DRho.s 			page 10


DEFINED SYMBOLS
                            *ABS*:0000000000000000 stm32f1xx_hal_msp.c
/var/folders/8_/jxtd4b9s00bc88bcp7k68tjr0000gn/T//ccM1DRho.s:16     .text.HAL_MspInit:0000000000000000 $t
/var/folders/8_/jxtd4b9s00bc88bcp7k68tjr0000gn/T//ccM1DRho.s:24     .text.HAL_MspInit:0000000000000000 HAL_MspInit
/var/folders/8_/jxtd4b9s00bc88bcp7k68tjr0000gn/T//ccM1DRho.s:91     .text.HAL_MspInit:000000000000003c $d
/var/folders/8_/jxtd4b9s00bc88bcp7k68tjr0000gn/T//ccM1DRho.s:97     .text.HAL_UART_MspInit:0000000000000000 $t
/var/folders/8_/jxtd4b9s00bc88bcp7k68tjr0000gn/T//ccM1DRho.s:104    .text.HAL_UART_MspInit:0000000000000000 HAL_UART_MspInit
/var/folders/8_/jxtd4b9s00bc88bcp7k68tjr0000gn/T//ccM1DRho.s:230    .text.HAL_UART_MspInit:0000000000000080 $d
/var/folders/8_/jxtd4b9s00bc88bcp7k68tjr0000gn/T//ccM1DRho.s:236    .text.HAL_UART_MspDeInit:0000000000000000 $t
/var/folders/8_/jxtd4b9s00bc88bcp7k68tjr0000gn/T//ccM1DRho.s:243    .text.HAL_UART_MspDeInit:0000000000000000 HAL_UART_MspDeInit
/var/folders/8_/jxtd4b9s00bc88bcp7k68tjr0000gn/T//ccM1DRho.s:290    .text.HAL_UART_MspDeInit:0000000000000028 $d

UNDEFINED SYMBOLS
HAL_GPIO_Init
HAL_NVIC_SetPriority
HAL_NVIC_EnableIRQ
HAL_GPIO_DeInit
HAL_NVIC_DisableIRQ
