ARM GAS  /var/folders/8_/jxtd4b9s00bc88bcp7k68tjr0000gn/T//ccQAYXkT.s 			page 1


   1              		.cpu cortex-m3
   2              		.eabi_attribute 20, 1
   3              		.eabi_attribute 21, 1
   4              		.eabi_attribute 23, 3
   5              		.eabi_attribute 24, 1
   6              		.eabi_attribute 25, 1
   7              		.eabi_attribute 26, 1
   8              		.eabi_attribute 30, 1
   9              		.eabi_attribute 34, 1
  10              		.eabi_attribute 18, 4
  11              		.file	"stm32f1xx_it.c"
  12              		.text
  13              	.Ltext0:
  14              		.cfi_sections	.debug_frame
  15              		.section	.text.NMI_Handler,"ax",%progbits
  16              		.align	1
  17              		.global	NMI_Handler
  18              		.arch armv7-m
  19              		.syntax unified
  20              		.thumb
  21              		.thumb_func
  22              		.fpu softvfp
  24              	NMI_Handler:
  25              	.LFB65:
  26              		.file 1 "stm32f1xx_it.c"
   1:stm32f1xx_it.c **** /* USER CODE BEGIN Header */
   2:stm32f1xx_it.c **** /**
   3:stm32f1xx_it.c ****   ******************************************************************************
   4:stm32f1xx_it.c ****   * @file    stm32f1xx_it.c
   5:stm32f1xx_it.c ****   * @brief   Interrupt Service Routines.
   6:stm32f1xx_it.c ****   ******************************************************************************
   7:stm32f1xx_it.c ****   * @attention
   8:stm32f1xx_it.c ****   *
   9:stm32f1xx_it.c ****   * <h2><center>&copy; Copyright (c) 2021 STMicroelectronics.
  10:stm32f1xx_it.c ****   * All rights reserved.</center></h2>
  11:stm32f1xx_it.c ****   *
  12:stm32f1xx_it.c ****   * This software component is licensed by ST under BSD 3-Clause license,
  13:stm32f1xx_it.c ****   * the "License"; You may not use this file except in compliance with the
  14:stm32f1xx_it.c ****   * License. You may obtain a copy of the License at:
  15:stm32f1xx_it.c ****   *                        opensource.org/licenses/BSD-3-Clause
  16:stm32f1xx_it.c ****   *
  17:stm32f1xx_it.c ****   ******************************************************************************
  18:stm32f1xx_it.c ****   */
  19:stm32f1xx_it.c **** /* USER CODE END Header */
  20:stm32f1xx_it.c **** 
  21:stm32f1xx_it.c **** /* Includes ------------------------------------------------------------------*/
  22:stm32f1xx_it.c **** #include "main.h"
  23:stm32f1xx_it.c **** #include "stm32f1xx_it.h"
  24:stm32f1xx_it.c **** /* Private includes ----------------------------------------------------------*/
  25:stm32f1xx_it.c **** /* USER CODE BEGIN Includes */
  26:stm32f1xx_it.c **** /* USER CODE END Includes */
  27:stm32f1xx_it.c **** 
  28:stm32f1xx_it.c **** /* Private typedef -----------------------------------------------------------*/
  29:stm32f1xx_it.c **** /* USER CODE BEGIN TD */
  30:stm32f1xx_it.c **** 
  31:stm32f1xx_it.c **** /* USER CODE END TD */
  32:stm32f1xx_it.c **** 
ARM GAS  /var/folders/8_/jxtd4b9s00bc88bcp7k68tjr0000gn/T//ccQAYXkT.s 			page 2


  33:stm32f1xx_it.c **** /* Private define ------------------------------------------------------------*/
  34:stm32f1xx_it.c **** /* USER CODE BEGIN PD */
  35:stm32f1xx_it.c **** 
  36:stm32f1xx_it.c **** /* USER CODE END PD */
  37:stm32f1xx_it.c **** 
  38:stm32f1xx_it.c **** /* Private macro -------------------------------------------------------------*/
  39:stm32f1xx_it.c **** /* USER CODE BEGIN PM */
  40:stm32f1xx_it.c **** 
  41:stm32f1xx_it.c **** /* USER CODE END PM */
  42:stm32f1xx_it.c **** 
  43:stm32f1xx_it.c **** /* Private variables ---------------------------------------------------------*/
  44:stm32f1xx_it.c **** /* USER CODE BEGIN PV */
  45:stm32f1xx_it.c **** 
  46:stm32f1xx_it.c **** /* USER CODE END PV */
  47:stm32f1xx_it.c **** 
  48:stm32f1xx_it.c **** /* Private function prototypes -----------------------------------------------*/
  49:stm32f1xx_it.c **** /* USER CODE BEGIN PFP */
  50:stm32f1xx_it.c **** 
  51:stm32f1xx_it.c **** /* USER CODE END PFP */
  52:stm32f1xx_it.c **** 
  53:stm32f1xx_it.c **** /* Private user code ---------------------------------------------------------*/
  54:stm32f1xx_it.c **** /* USER CODE BEGIN 0 */
  55:stm32f1xx_it.c **** 
  56:stm32f1xx_it.c **** /* USER CODE END 0 */
  57:stm32f1xx_it.c **** 
  58:stm32f1xx_it.c **** /* External variables --------------------------------------------------------*/
  59:stm32f1xx_it.c **** extern UART_HandleTypeDef huart1;
  60:stm32f1xx_it.c **** /* USER CODE BEGIN EV */
  61:stm32f1xx_it.c **** 
  62:stm32f1xx_it.c **** /* USER CODE END EV */
  63:stm32f1xx_it.c **** 
  64:stm32f1xx_it.c **** /******************************************************************************/
  65:stm32f1xx_it.c **** /*           Cortex-M3 Processor Interruption and Exception Handlers          */
  66:stm32f1xx_it.c **** /******************************************************************************/
  67:stm32f1xx_it.c **** /**
  68:stm32f1xx_it.c ****   * @brief This function handles Non maskable interrupt.
  69:stm32f1xx_it.c ****   */
  70:stm32f1xx_it.c **** void NMI_Handler(void)
  71:stm32f1xx_it.c **** {
  27              		.loc 1 71 1 view -0
  28              		.cfi_startproc
  29              		@ Volatile: function does not return.
  30              		@ args = 0, pretend = 0, frame = 0
  31              		@ frame_needed = 0, uses_anonymous_args = 0
  32              		@ link register save eliminated.
  33              	.L2:
  72:stm32f1xx_it.c ****   /* USER CODE BEGIN NonMaskableInt_IRQn 0 */
  73:stm32f1xx_it.c **** 
  74:stm32f1xx_it.c ****   /* USER CODE END NonMaskableInt_IRQn 0 */
  75:stm32f1xx_it.c ****   /* USER CODE BEGIN NonMaskableInt_IRQn 1 */
  76:stm32f1xx_it.c ****   while (1)
  34              		.loc 1 76 3 discriminator 1 view .LVU1
  77:stm32f1xx_it.c ****   {
  78:stm32f1xx_it.c ****   }
  35              		.loc 1 78 3 discriminator 1 view .LVU2
  76:stm32f1xx_it.c ****   {
  36              		.loc 1 76 9 discriminator 1 view .LVU3
ARM GAS  /var/folders/8_/jxtd4b9s00bc88bcp7k68tjr0000gn/T//ccQAYXkT.s 			page 3


  37 0000 FEE7     		b	.L2
  38              		.cfi_endproc
  39              	.LFE65:
  41              		.section	.text.HardFault_Handler,"ax",%progbits
  42              		.align	1
  43              		.global	HardFault_Handler
  44              		.syntax unified
  45              		.thumb
  46              		.thumb_func
  47              		.fpu softvfp
  49              	HardFault_Handler:
  50              	.LFB66:
  79:stm32f1xx_it.c ****   /* USER CODE END NonMaskableInt_IRQn 1 */
  80:stm32f1xx_it.c **** }
  81:stm32f1xx_it.c **** 
  82:stm32f1xx_it.c **** /**
  83:stm32f1xx_it.c ****   * @brief This function handles Hard fault interrupt.
  84:stm32f1xx_it.c ****   */
  85:stm32f1xx_it.c **** void HardFault_Handler(void)
  86:stm32f1xx_it.c **** {
  51              		.loc 1 86 1 view -0
  52              		.cfi_startproc
  53              		@ Volatile: function does not return.
  54              		@ args = 0, pretend = 0, frame = 0
  55              		@ frame_needed = 0, uses_anonymous_args = 0
  56              		@ link register save eliminated.
  57              	.L4:
  87:stm32f1xx_it.c ****   /* USER CODE BEGIN HardFault_IRQn 0 */
  88:stm32f1xx_it.c **** 
  89:stm32f1xx_it.c ****   /* USER CODE END HardFault_IRQn 0 */
  90:stm32f1xx_it.c ****   while (1)
  58              		.loc 1 90 3 discriminator 1 view .LVU5
  91:stm32f1xx_it.c ****   {
  92:stm32f1xx_it.c ****     /* USER CODE BEGIN W1_HardFault_IRQn 0 */
  93:stm32f1xx_it.c ****     /* USER CODE END W1_HardFault_IRQn 0 */
  94:stm32f1xx_it.c ****   }
  59              		.loc 1 94 3 discriminator 1 view .LVU6
  90:stm32f1xx_it.c ****   {
  60              		.loc 1 90 9 discriminator 1 view .LVU7
  61 0000 FEE7     		b	.L4
  62              		.cfi_endproc
  63              	.LFE66:
  65              		.section	.text.MemManage_Handler,"ax",%progbits
  66              		.align	1
  67              		.global	MemManage_Handler
  68              		.syntax unified
  69              		.thumb
  70              		.thumb_func
  71              		.fpu softvfp
  73              	MemManage_Handler:
  74              	.LFB67:
  95:stm32f1xx_it.c **** }
  96:stm32f1xx_it.c **** 
  97:stm32f1xx_it.c **** /**
  98:stm32f1xx_it.c ****   * @brief This function handles Memory management fault.
  99:stm32f1xx_it.c ****   */
 100:stm32f1xx_it.c **** void MemManage_Handler(void)
ARM GAS  /var/folders/8_/jxtd4b9s00bc88bcp7k68tjr0000gn/T//ccQAYXkT.s 			page 4


 101:stm32f1xx_it.c **** {
  75              		.loc 1 101 1 view -0
  76              		.cfi_startproc
  77              		@ Volatile: function does not return.
  78              		@ args = 0, pretend = 0, frame = 0
  79              		@ frame_needed = 0, uses_anonymous_args = 0
  80              		@ link register save eliminated.
  81              	.L6:
 102:stm32f1xx_it.c ****   /* USER CODE BEGIN MemoryManagement_IRQn 0 */
 103:stm32f1xx_it.c **** 
 104:stm32f1xx_it.c ****   /* USER CODE END MemoryManagement_IRQn 0 */
 105:stm32f1xx_it.c ****   while (1)
  82              		.loc 1 105 3 discriminator 1 view .LVU9
 106:stm32f1xx_it.c ****   {
 107:stm32f1xx_it.c ****     /* USER CODE BEGIN W1_MemoryManagement_IRQn 0 */
 108:stm32f1xx_it.c ****     /* USER CODE END W1_MemoryManagement_IRQn 0 */
 109:stm32f1xx_it.c ****   }
  83              		.loc 1 109 3 discriminator 1 view .LVU10
 105:stm32f1xx_it.c ****   {
  84              		.loc 1 105 9 discriminator 1 view .LVU11
  85 0000 FEE7     		b	.L6
  86              		.cfi_endproc
  87              	.LFE67:
  89              		.section	.text.BusFault_Handler,"ax",%progbits
  90              		.align	1
  91              		.global	BusFault_Handler
  92              		.syntax unified
  93              		.thumb
  94              		.thumb_func
  95              		.fpu softvfp
  97              	BusFault_Handler:
  98              	.LFB68:
 110:stm32f1xx_it.c **** }
 111:stm32f1xx_it.c **** 
 112:stm32f1xx_it.c **** /**
 113:stm32f1xx_it.c ****   * @brief This function handles Prefetch fault, memory access fault.
 114:stm32f1xx_it.c ****   */
 115:stm32f1xx_it.c **** void BusFault_Handler(void)
 116:stm32f1xx_it.c **** {
  99              		.loc 1 116 1 view -0
 100              		.cfi_startproc
 101              		@ Volatile: function does not return.
 102              		@ args = 0, pretend = 0, frame = 0
 103              		@ frame_needed = 0, uses_anonymous_args = 0
 104              		@ link register save eliminated.
 105              	.L8:
 117:stm32f1xx_it.c ****   /* USER CODE BEGIN BusFault_IRQn 0 */
 118:stm32f1xx_it.c **** 
 119:stm32f1xx_it.c ****   /* USER CODE END BusFault_IRQn 0 */
 120:stm32f1xx_it.c ****   while (1)
 106              		.loc 1 120 3 discriminator 1 view .LVU13
 121:stm32f1xx_it.c ****   {
 122:stm32f1xx_it.c ****     /* USER CODE BEGIN W1_BusFault_IRQn 0 */
 123:stm32f1xx_it.c ****     /* USER CODE END W1_BusFault_IRQn 0 */
 124:stm32f1xx_it.c ****   }
 107              		.loc 1 124 3 discriminator 1 view .LVU14
 120:stm32f1xx_it.c ****   {
ARM GAS  /var/folders/8_/jxtd4b9s00bc88bcp7k68tjr0000gn/T//ccQAYXkT.s 			page 5


 108              		.loc 1 120 9 discriminator 1 view .LVU15
 109 0000 FEE7     		b	.L8
 110              		.cfi_endproc
 111              	.LFE68:
 113              		.section	.text.UsageFault_Handler,"ax",%progbits
 114              		.align	1
 115              		.global	UsageFault_Handler
 116              		.syntax unified
 117              		.thumb
 118              		.thumb_func
 119              		.fpu softvfp
 121              	UsageFault_Handler:
 122              	.LFB69:
 125:stm32f1xx_it.c **** }
 126:stm32f1xx_it.c **** 
 127:stm32f1xx_it.c **** /**
 128:stm32f1xx_it.c ****   * @brief This function handles Undefined instruction or illegal state.
 129:stm32f1xx_it.c ****   */
 130:stm32f1xx_it.c **** void UsageFault_Handler(void)
 131:stm32f1xx_it.c **** {
 123              		.loc 1 131 1 view -0
 124              		.cfi_startproc
 125              		@ Volatile: function does not return.
 126              		@ args = 0, pretend = 0, frame = 0
 127              		@ frame_needed = 0, uses_anonymous_args = 0
 128              		@ link register save eliminated.
 129              	.L10:
 132:stm32f1xx_it.c ****   /* USER CODE BEGIN UsageFault_IRQn 0 */
 133:stm32f1xx_it.c **** 
 134:stm32f1xx_it.c ****   /* USER CODE END UsageFault_IRQn 0 */
 135:stm32f1xx_it.c ****   while (1)
 130              		.loc 1 135 3 discriminator 1 view .LVU17
 136:stm32f1xx_it.c ****   {
 137:stm32f1xx_it.c ****     /* USER CODE BEGIN W1_UsageFault_IRQn 0 */
 138:stm32f1xx_it.c ****     /* USER CODE END W1_UsageFault_IRQn 0 */
 139:stm32f1xx_it.c ****   }
 131              		.loc 1 139 3 discriminator 1 view .LVU18
 135:stm32f1xx_it.c ****   {
 132              		.loc 1 135 9 discriminator 1 view .LVU19
 133 0000 FEE7     		b	.L10
 134              		.cfi_endproc
 135              	.LFE69:
 137              		.section	.text.SVC_Handler,"ax",%progbits
 138              		.align	1
 139              		.global	SVC_Handler
 140              		.syntax unified
 141              		.thumb
 142              		.thumb_func
 143              		.fpu softvfp
 145              	SVC_Handler:
 146              	.LFB70:
 140:stm32f1xx_it.c **** }
 141:stm32f1xx_it.c **** 
 142:stm32f1xx_it.c **** /**
 143:stm32f1xx_it.c ****   * @brief This function handles System service call via SWI instruction.
 144:stm32f1xx_it.c ****   */
 145:stm32f1xx_it.c **** void SVC_Handler(void)
ARM GAS  /var/folders/8_/jxtd4b9s00bc88bcp7k68tjr0000gn/T//ccQAYXkT.s 			page 6


 146:stm32f1xx_it.c **** {
 147              		.loc 1 146 1 view -0
 148              		.cfi_startproc
 149              		@ args = 0, pretend = 0, frame = 0
 150              		@ frame_needed = 0, uses_anonymous_args = 0
 151              		@ link register save eliminated.
 147:stm32f1xx_it.c ****   /* USER CODE BEGIN SVCall_IRQn 0 */
 148:stm32f1xx_it.c **** 
 149:stm32f1xx_it.c ****   /* USER CODE END SVCall_IRQn 0 */
 150:stm32f1xx_it.c ****   /* USER CODE BEGIN SVCall_IRQn 1 */
 151:stm32f1xx_it.c **** 
 152:stm32f1xx_it.c ****   /* USER CODE END SVCall_IRQn 1 */
 153:stm32f1xx_it.c **** }
 152              		.loc 1 153 1 view .LVU21
 153 0000 7047     		bx	lr
 154              		.cfi_endproc
 155              	.LFE70:
 157              		.section	.text.DebugMon_Handler,"ax",%progbits
 158              		.align	1
 159              		.global	DebugMon_Handler
 160              		.syntax unified
 161              		.thumb
 162              		.thumb_func
 163              		.fpu softvfp
 165              	DebugMon_Handler:
 166              	.LFB71:
 154:stm32f1xx_it.c **** 
 155:stm32f1xx_it.c **** /**
 156:stm32f1xx_it.c ****   * @brief This function handles Debug monitor.
 157:stm32f1xx_it.c ****   */
 158:stm32f1xx_it.c **** void DebugMon_Handler(void)
 159:stm32f1xx_it.c **** {
 167              		.loc 1 159 1 view -0
 168              		.cfi_startproc
 169              		@ args = 0, pretend = 0, frame = 0
 170              		@ frame_needed = 0, uses_anonymous_args = 0
 171              		@ link register save eliminated.
 160:stm32f1xx_it.c ****   /* USER CODE BEGIN DebugMonitor_IRQn 0 */
 161:stm32f1xx_it.c **** 
 162:stm32f1xx_it.c ****   /* USER CODE END DebugMonitor_IRQn 0 */
 163:stm32f1xx_it.c ****   /* USER CODE BEGIN DebugMonitor_IRQn 1 */
 164:stm32f1xx_it.c **** 
 165:stm32f1xx_it.c ****   /* USER CODE END DebugMonitor_IRQn 1 */
 166:stm32f1xx_it.c **** }
 172              		.loc 1 166 1 view .LVU23
 173 0000 7047     		bx	lr
 174              		.cfi_endproc
 175              	.LFE71:
 177              		.section	.text.PendSV_Handler,"ax",%progbits
 178              		.align	1
 179              		.global	PendSV_Handler
 180              		.syntax unified
 181              		.thumb
 182              		.thumb_func
 183              		.fpu softvfp
 185              	PendSV_Handler:
 186              	.LFB72:
ARM GAS  /var/folders/8_/jxtd4b9s00bc88bcp7k68tjr0000gn/T//ccQAYXkT.s 			page 7


 167:stm32f1xx_it.c **** 
 168:stm32f1xx_it.c **** /**
 169:stm32f1xx_it.c ****   * @brief This function handles Pendable request for system service.
 170:stm32f1xx_it.c ****   */
 171:stm32f1xx_it.c **** void PendSV_Handler(void)
 172:stm32f1xx_it.c **** {
 187              		.loc 1 172 1 view -0
 188              		.cfi_startproc
 189              		@ args = 0, pretend = 0, frame = 0
 190              		@ frame_needed = 0, uses_anonymous_args = 0
 191              		@ link register save eliminated.
 173:stm32f1xx_it.c ****   /* USER CODE BEGIN PendSV_IRQn 0 */
 174:stm32f1xx_it.c **** 
 175:stm32f1xx_it.c ****   /* USER CODE END PendSV_IRQn 0 */
 176:stm32f1xx_it.c ****   /* USER CODE BEGIN PendSV_IRQn 1 */
 177:stm32f1xx_it.c **** 
 178:stm32f1xx_it.c ****   /* USER CODE END PendSV_IRQn 1 */
 179:stm32f1xx_it.c **** }
 192              		.loc 1 179 1 view .LVU25
 193 0000 7047     		bx	lr
 194              		.cfi_endproc
 195              	.LFE72:
 197              		.section	.text.SysTick_Handler,"ax",%progbits
 198              		.align	1
 199              		.global	SysTick_Handler
 200              		.syntax unified
 201              		.thumb
 202              		.thumb_func
 203              		.fpu softvfp
 205              	SysTick_Handler:
 206              	.LFB73:
 180:stm32f1xx_it.c **** 
 181:stm32f1xx_it.c **** /**
 182:stm32f1xx_it.c ****   * @brief This function handles System tick timer.
 183:stm32f1xx_it.c ****   */
 184:stm32f1xx_it.c **** void SysTick_Handler(void)
 185:stm32f1xx_it.c **** {
 207              		.loc 1 185 1 view -0
 208              		.cfi_startproc
 209              		@ args = 0, pretend = 0, frame = 0
 210              		@ frame_needed = 0, uses_anonymous_args = 0
 211 0000 08B5     		push	{r3, lr}
 212              	.LCFI0:
 213              		.cfi_def_cfa_offset 8
 214              		.cfi_offset 3, -8
 215              		.cfi_offset 14, -4
 186:stm32f1xx_it.c ****   /* USER CODE BEGIN SysTick_IRQn 0 */
 187:stm32f1xx_it.c **** 
 188:stm32f1xx_it.c ****   /* USER CODE END SysTick_IRQn 0 */
 189:stm32f1xx_it.c ****   HAL_IncTick();
 216              		.loc 1 189 3 view .LVU27
 217 0002 FFF7FEFF 		bl	HAL_IncTick
 218              	.LVL0:
 190:stm32f1xx_it.c ****   /* USER CODE BEGIN SysTick_IRQn 1 */
 191:stm32f1xx_it.c **** 
 192:stm32f1xx_it.c ****   /* USER CODE END SysTick_IRQn 1 */
 193:stm32f1xx_it.c **** }
ARM GAS  /var/folders/8_/jxtd4b9s00bc88bcp7k68tjr0000gn/T//ccQAYXkT.s 			page 8


 219              		.loc 1 193 1 is_stmt 0 view .LVU28
 220 0006 08BD     		pop	{r3, pc}
 221              		.cfi_endproc
 222              	.LFE73:
 224              		.section	.text.USART1_IRQHandler,"ax",%progbits
 225              		.align	1
 226              		.global	USART1_IRQHandler
 227              		.syntax unified
 228              		.thumb
 229              		.thumb_func
 230              		.fpu softvfp
 232              	USART1_IRQHandler:
 233              	.LFB74:
 194:stm32f1xx_it.c **** 
 195:stm32f1xx_it.c **** /******************************************************************************/
 196:stm32f1xx_it.c **** /* STM32F1xx Peripheral Interrupt Handlers                                    */
 197:stm32f1xx_it.c **** /* Add here the Interrupt Handlers for the used peripherals.                  */
 198:stm32f1xx_it.c **** /* For the available peripheral interrupt handler names,                      */
 199:stm32f1xx_it.c **** /* please refer to the startup file (startup_stm32f1xx.s).                    */
 200:stm32f1xx_it.c **** /******************************************************************************/
 201:stm32f1xx_it.c **** 
 202:stm32f1xx_it.c **** /**
 203:stm32f1xx_it.c ****   * @brief This function handles USART1 global interrupt.
 204:stm32f1xx_it.c ****   */
 205:stm32f1xx_it.c **** void USART1_IRQHandler(void)
 206:stm32f1xx_it.c **** {
 234              		.loc 1 206 1 is_stmt 1 view -0
 235              		.cfi_startproc
 236              		@ args = 0, pretend = 0, frame = 0
 237              		@ frame_needed = 0, uses_anonymous_args = 0
 238 0000 08B5     		push	{r3, lr}
 239              	.LCFI1:
 240              		.cfi_def_cfa_offset 8
 241              		.cfi_offset 3, -8
 242              		.cfi_offset 14, -4
 207:stm32f1xx_it.c ****   /* USER CODE BEGIN USART1_IRQn 0 */
 208:stm32f1xx_it.c **** 
 209:stm32f1xx_it.c ****   /* USER CODE END USART1_IRQn 0 */
 210:stm32f1xx_it.c ****   HAL_UART_IRQHandler(&huart1);
 243              		.loc 1 210 3 view .LVU30
 244 0002 0248     		ldr	r0, .L18
 245 0004 FFF7FEFF 		bl	HAL_UART_IRQHandler
 246              	.LVL1:
 211:stm32f1xx_it.c ****   /* USER CODE BEGIN USART1_IRQn 1 */
 212:stm32f1xx_it.c **** 
 213:stm32f1xx_it.c ****   /* USER CODE END USART1_IRQn 1 */
 214:stm32f1xx_it.c **** }
 247              		.loc 1 214 1 is_stmt 0 view .LVU31
 248 0008 08BD     		pop	{r3, pc}
 249              	.L19:
 250 000a 00BF     		.align	2
 251              	.L18:
 252 000c 00000000 		.word	huart1
 253              		.cfi_endproc
 254              	.LFE74:
 256              		.text
 257              	.Letext0:
ARM GAS  /var/folders/8_/jxtd4b9s00bc88bcp7k68tjr0000gn/T//ccQAYXkT.s 			page 9


 258              		.file 2 "/usr/local/Cellar/arm-none-eabi-gcc/9-2019-q4-major/gcc/arm-none-eabi/include/machine/_de
 259              		.file 3 "/usr/local/Cellar/arm-none-eabi-gcc/9-2019-q4-major/gcc/arm-none-eabi/include/sys/_stdint
 260              		.file 4 "../../../Drivers/CMSIS/Include/core_cm3.h"
 261              		.file 5 "../../../Drivers/CMSIS/Device/ST/STM32F1xx/Include/system_stm32f1xx.h"
 262              		.file 6 "../../../Drivers/CMSIS/Device/ST/STM32F1xx/Include/stm32f103xe.h"
 263              		.file 7 "../../../Drivers/STM32F1xx_HAL_Driver/Inc/stm32f1xx_hal_def.h"
 264              		.file 8 "../../../Drivers/STM32F1xx_HAL_Driver/Inc/stm32f1xx_hal_dma.h"
 265              		.file 9 "../../../Drivers/STM32F1xx_HAL_Driver/Inc/stm32f1xx_hal_uart.h"
 266              		.file 10 "../../../Drivers/STM32F1xx_HAL_Driver/Inc/stm32f1xx_hal.h"
ARM GAS  /var/folders/8_/jxtd4b9s00bc88bcp7k68tjr0000gn/T//ccQAYXkT.s 			page 10


DEFINED SYMBOLS
                            *ABS*:0000000000000000 stm32f1xx_it.c
/var/folders/8_/jxtd4b9s00bc88bcp7k68tjr0000gn/T//ccQAYXkT.s:16     .text.NMI_Handler:0000000000000000 $t
/var/folders/8_/jxtd4b9s00bc88bcp7k68tjr0000gn/T//ccQAYXkT.s:24     .text.NMI_Handler:0000000000000000 NMI_Handler
/var/folders/8_/jxtd4b9s00bc88bcp7k68tjr0000gn/T//ccQAYXkT.s:42     .text.HardFault_Handler:0000000000000000 $t
/var/folders/8_/jxtd4b9s00bc88bcp7k68tjr0000gn/T//ccQAYXkT.s:49     .text.HardFault_Handler:0000000000000000 HardFault_Handler
/var/folders/8_/jxtd4b9s00bc88bcp7k68tjr0000gn/T//ccQAYXkT.s:66     .text.MemManage_Handler:0000000000000000 $t
/var/folders/8_/jxtd4b9s00bc88bcp7k68tjr0000gn/T//ccQAYXkT.s:73     .text.MemManage_Handler:0000000000000000 MemManage_Handler
/var/folders/8_/jxtd4b9s00bc88bcp7k68tjr0000gn/T//ccQAYXkT.s:90     .text.BusFault_Handler:0000000000000000 $t
/var/folders/8_/jxtd4b9s00bc88bcp7k68tjr0000gn/T//ccQAYXkT.s:97     .text.BusFault_Handler:0000000000000000 BusFault_Handler
/var/folders/8_/jxtd4b9s00bc88bcp7k68tjr0000gn/T//ccQAYXkT.s:114    .text.UsageFault_Handler:0000000000000000 $t
/var/folders/8_/jxtd4b9s00bc88bcp7k68tjr0000gn/T//ccQAYXkT.s:121    .text.UsageFault_Handler:0000000000000000 UsageFault_Handler
/var/folders/8_/jxtd4b9s00bc88bcp7k68tjr0000gn/T//ccQAYXkT.s:138    .text.SVC_Handler:0000000000000000 $t
/var/folders/8_/jxtd4b9s00bc88bcp7k68tjr0000gn/T//ccQAYXkT.s:145    .text.SVC_Handler:0000000000000000 SVC_Handler
/var/folders/8_/jxtd4b9s00bc88bcp7k68tjr0000gn/T//ccQAYXkT.s:158    .text.DebugMon_Handler:0000000000000000 $t
/var/folders/8_/jxtd4b9s00bc88bcp7k68tjr0000gn/T//ccQAYXkT.s:165    .text.DebugMon_Handler:0000000000000000 DebugMon_Handler
/var/folders/8_/jxtd4b9s00bc88bcp7k68tjr0000gn/T//ccQAYXkT.s:178    .text.PendSV_Handler:0000000000000000 $t
/var/folders/8_/jxtd4b9s00bc88bcp7k68tjr0000gn/T//ccQAYXkT.s:185    .text.PendSV_Handler:0000000000000000 PendSV_Handler
/var/folders/8_/jxtd4b9s00bc88bcp7k68tjr0000gn/T//ccQAYXkT.s:198    .text.SysTick_Handler:0000000000000000 $t
/var/folders/8_/jxtd4b9s00bc88bcp7k68tjr0000gn/T//ccQAYXkT.s:205    .text.SysTick_Handler:0000000000000000 SysTick_Handler
/var/folders/8_/jxtd4b9s00bc88bcp7k68tjr0000gn/T//ccQAYXkT.s:225    .text.USART1_IRQHandler:0000000000000000 $t
/var/folders/8_/jxtd4b9s00bc88bcp7k68tjr0000gn/T//ccQAYXkT.s:232    .text.USART1_IRQHandler:0000000000000000 USART1_IRQHandler
/var/folders/8_/jxtd4b9s00bc88bcp7k68tjr0000gn/T//ccQAYXkT.s:252    .text.USART1_IRQHandler:000000000000000c $d

UNDEFINED SYMBOLS
HAL_IncTick
HAL_UART_IRQHandler
huart1
