ARM GAS  /var/folders/8_/jxtd4b9s00bc88bcp7k68tjr0000gn/T//cc82QCXR.s 			page 1


   1              		.cpu cortex-m3
   2              		.eabi_attribute 20, 1
   3              		.eabi_attribute 21, 1
   4              		.eabi_attribute 23, 3
   5              		.eabi_attribute 24, 1
   6              		.eabi_attribute 25, 1
   7              		.eabi_attribute 26, 1
   8              		.eabi_attribute 30, 1
   9              		.eabi_attribute 34, 1
  10              		.eabi_attribute 18, 4
  11              		.file	"main.c"
  12              		.text
  13              	.Ltext0:
  14              		.cfi_sections	.debug_frame
  15              		.section	.text.Error_Handler,"ax",%progbits
  16              		.align	1
  17              		.global	Error_Handler
  18              		.arch armv7-m
  19              		.syntax unified
  20              		.thumb
  21              		.thumb_func
  22              		.fpu softvfp
  24              	Error_Handler:
  25              	.LFB67:
  26              		.file 1 "main.c"
   1:main.c        **** /* USER CODE BEGIN Header */
   2:main.c        **** /**
   3:main.c        ****   ******************************************************************************
   4:main.c        ****   * @file           : main.c
   5:main.c        ****   * @brief          : Main program body
   6:main.c        ****   ******************************************************************************
   7:main.c        ****   * @attention
   8:main.c        ****   *
   9:main.c        ****   * <h2><center>&copy; Copyright (c) 2021 STMicroelectronics.
  10:main.c        ****   * All rights reserved.</center></h2>
  11:main.c        ****   *
  12:main.c        ****   * This software component is licensed by ST under BSD 3-Clause license,
  13:main.c        ****   * the "License"; You may not use this file except in compliance with the
  14:main.c        ****   * License. You may obtain a copy of the License at:
  15:main.c        ****   *                        opensource.org/licenses/BSD-3-Clause
  16:main.c        ****   *
  17:main.c        ****   ******************************************************************************
  18:main.c        ****   */
  19:main.c        **** /* USER CODE END Header */
  20:main.c        **** /* Includes ------------------------------------------------------------------*/
  21:main.c        **** #include "main.h"
  22:main.c        **** 
  23:main.c        **** /* Private includes ----------------------------------------------------------*/
  24:main.c        **** /* USER CODE BEGIN Includes */
  25:main.c        **** 
  26:main.c        **** /* USER CODE END Includes */
  27:main.c        **** 
  28:main.c        **** /* Private typedef -----------------------------------------------------------*/
  29:main.c        **** /* USER CODE BEGIN PTD */
  30:main.c        **** 
  31:main.c        **** /* USER CODE END PTD */
  32:main.c        **** 
ARM GAS  /var/folders/8_/jxtd4b9s00bc88bcp7k68tjr0000gn/T//cc82QCXR.s 			page 2


  33:main.c        **** /* Private define ------------------------------------------------------------*/
  34:main.c        **** /* USER CODE BEGIN PD */
  35:main.c        **** /* USER CODE END PD */
  36:main.c        **** 
  37:main.c        **** /* Private macro -------------------------------------------------------------*/
  38:main.c        **** /* USER CODE BEGIN PM */
  39:main.c        **** 
  40:main.c        **** /* USER CODE END PM */
  41:main.c        **** 
  42:main.c        **** /* Private variables ---------------------------------------------------------*/
  43:main.c        **** 
  44:main.c        **** /* USER CODE BEGIN PV */
  45:main.c        **** 
  46:main.c        **** /* USER CODE END PV */
  47:main.c        **** 
  48:main.c        **** /* Private function prototypes -----------------------------------------------*/
  49:main.c        **** void SystemClock_Config(void);
  50:main.c        **** /* USER CODE BEGIN PFP */
  51:main.c        **** 
  52:main.c        **** /* USER CODE END PFP */
  53:main.c        **** 
  54:main.c        **** /* Private user code ---------------------------------------------------------*/
  55:main.c        **** /* USER CODE BEGIN 0 */
  56:main.c        **** 
  57:main.c        **** /* USER CODE END 0 */
  58:main.c        **** 
  59:main.c        **** /**
  60:main.c        ****   * @brief  The application entry point.
  61:main.c        ****   * @retval int
  62:main.c        ****   */
  63:main.c        **** int main(void)
  64:main.c        **** {
  65:main.c        ****   /* USER CODE BEGIN 1 */
  66:main.c        **** 
  67:main.c        ****   /* USER CODE END 1 */
  68:main.c        **** 
  69:main.c        ****   /* MCU Configuration--------------------------------------------------------*/
  70:main.c        **** 
  71:main.c        ****   /* Reset of all peripherals, Initializes the Flash interface and the Systick. */
  72:main.c        ****   HAL_Init();
  73:main.c        **** 
  74:main.c        **** 
  75:main.c        ****   /* USER CODE BEGIN Init */
  76:main.c        **** 
  77:main.c        ****   /* USER CODE END Init */
  78:main.c        **** 
  79:main.c        ****   /* Configure the system clock */
  80:main.c        ****   SystemClock_Config();
  81:main.c        **** 
  82:main.c        ****   /* USER CODE BEGIN SysInit */
  83:main.c        **** 
  84:main.c        ****   /* USER CODE END SysInit */
  85:main.c        **** 
  86:main.c        ****   /* Initialize all configured peripherals */
  87:main.c        ****   /* USER CODE BEGIN 2 */
  88:main.c        **** 
  89:main.c        ****   /* USER CODE END 2 */
ARM GAS  /var/folders/8_/jxtd4b9s00bc88bcp7k68tjr0000gn/T//cc82QCXR.s 			page 3


  90:main.c        **** 
  91:main.c        ****   /* Infinite loop */
  92:main.c        ****   /* USER CODE BEGIN WHILE */
  93:main.c        ****   while (1)
  94:main.c        ****   {
  95:main.c        ****     /* USER CODE END WHILE */
  96:main.c        **** 
  97:main.c        ****     /* USER CODE BEGIN 3 */
  98:main.c        ****   }
  99:main.c        ****   /* USER CODE END 3 */
 100:main.c        **** }
 101:main.c        **** 
 102:main.c        **** /**
 103:main.c        ****   * @brief System Clock Configuration
 104:main.c        ****   * @retval None
 105:main.c        ****   */
 106:main.c        **** void SystemClock_Config(void)
 107:main.c        **** {
 108:main.c        ****   RCC_OscInitTypeDef RCC_OscInitStruct = {0};
 109:main.c        ****   RCC_ClkInitTypeDef RCC_ClkInitStruct = {0};
 110:main.c        **** 
 111:main.c        ****   /** Initializes the RCC Oscillators according to the specified parameters
 112:main.c        ****   * in the RCC_OscInitTypeDef structure.
 113:main.c        ****   */
 114:main.c        ****   RCC_OscInitStruct.OscillatorType = RCC_OSCILLATORTYPE_HSI;
 115:main.c        ****   RCC_OscInitStruct.HSIState = RCC_HSI_ON;
 116:main.c        ****   RCC_OscInitStruct.HSICalibrationValue = RCC_HSICALIBRATION_DEFAULT;
 117:main.c        ****   RCC_OscInitStruct.PLL.PLLState = RCC_PLL_NONE;
 118:main.c        ****   if (HAL_RCC_OscConfig(&RCC_OscInitStruct) != HAL_OK)
 119:main.c        ****   {
 120:main.c        ****     Error_Handler();
 121:main.c        ****   }
 122:main.c        ****   /** Initializes the CPU, AHB and APB buses clocks
 123:main.c        ****   */
 124:main.c        ****   RCC_ClkInitStruct.ClockType = RCC_CLOCKTYPE_HCLK|RCC_CLOCKTYPE_SYSCLK
 125:main.c        ****                               |RCC_CLOCKTYPE_PCLK1|RCC_CLOCKTYPE_PCLK2;
 126:main.c        ****   RCC_ClkInitStruct.SYSCLKSource = RCC_SYSCLKSOURCE_HSI;
 127:main.c        ****   RCC_ClkInitStruct.AHBCLKDivider = RCC_SYSCLK_DIV1;
 128:main.c        ****   RCC_ClkInitStruct.APB1CLKDivider = RCC_HCLK_DIV2;
 129:main.c        ****   RCC_ClkInitStruct.APB2CLKDivider = RCC_HCLK_DIV1;
 130:main.c        **** 
 131:main.c        ****   if (HAL_RCC_ClockConfig(&RCC_ClkInitStruct, FLASH_LATENCY_0) != HAL_OK)
 132:main.c        ****   {
 133:main.c        ****     Error_Handler();
 134:main.c        ****   }
 135:main.c        **** }
 136:main.c        **** 
 137:main.c        **** /* USER CODE BEGIN 4 */
 138:main.c        **** 
 139:main.c        **** /* USER CODE END 4 */
 140:main.c        **** 
 141:main.c        **** /**
 142:main.c        ****   * @brief  This function is executed in case of error occurrence.
 143:main.c        ****   * @retval None
 144:main.c        ****   */
 145:main.c        **** void Error_Handler(void)
 146:main.c        **** {
ARM GAS  /var/folders/8_/jxtd4b9s00bc88bcp7k68tjr0000gn/T//cc82QCXR.s 			page 4


  27              		.loc 1 146 1 view -0
  28              		.cfi_startproc
  29              		@ Volatile: function does not return.
  30              		@ args = 0, pretend = 0, frame = 0
  31              		@ frame_needed = 0, uses_anonymous_args = 0
  32              		@ link register save eliminated.
 147:main.c        ****   /* USER CODE BEGIN Error_Handler_Debug */
 148:main.c        ****   /* User can add his own implementation to report the HAL error return state */
 149:main.c        ****   __disable_irq();
  33              		.loc 1 149 3 view .LVU1
  34              	.LBB4:
  35              	.LBI4:
  36              		.file 2 "../../../Drivers/CMSIS/Include/cmsis_gcc.h"
   1:../../../Drivers/CMSIS/Include/cmsis_gcc.h **** /**************************************************************************//**
   2:../../../Drivers/CMSIS/Include/cmsis_gcc.h ****  * @file     cmsis_gcc.h
   3:../../../Drivers/CMSIS/Include/cmsis_gcc.h ****  * @brief    CMSIS compiler GCC header file
   4:../../../Drivers/CMSIS/Include/cmsis_gcc.h ****  * @version  V5.0.4
   5:../../../Drivers/CMSIS/Include/cmsis_gcc.h ****  * @date     09. April 2018
   6:../../../Drivers/CMSIS/Include/cmsis_gcc.h ****  ******************************************************************************/
   7:../../../Drivers/CMSIS/Include/cmsis_gcc.h **** /*
   8:../../../Drivers/CMSIS/Include/cmsis_gcc.h ****  * Copyright (c) 2009-2018 Arm Limited. All rights reserved.
   9:../../../Drivers/CMSIS/Include/cmsis_gcc.h ****  *
  10:../../../Drivers/CMSIS/Include/cmsis_gcc.h ****  * SPDX-License-Identifier: Apache-2.0
  11:../../../Drivers/CMSIS/Include/cmsis_gcc.h ****  *
  12:../../../Drivers/CMSIS/Include/cmsis_gcc.h ****  * Licensed under the Apache License, Version 2.0 (the License); you may
  13:../../../Drivers/CMSIS/Include/cmsis_gcc.h ****  * not use this file except in compliance with the License.
  14:../../../Drivers/CMSIS/Include/cmsis_gcc.h ****  * You may obtain a copy of the License at
  15:../../../Drivers/CMSIS/Include/cmsis_gcc.h ****  *
  16:../../../Drivers/CMSIS/Include/cmsis_gcc.h ****  * www.apache.org/licenses/LICENSE-2.0
  17:../../../Drivers/CMSIS/Include/cmsis_gcc.h ****  *
  18:../../../Drivers/CMSIS/Include/cmsis_gcc.h ****  * Unless required by applicable law or agreed to in writing, software
  19:../../../Drivers/CMSIS/Include/cmsis_gcc.h ****  * distributed under the License is distributed on an AS IS BASIS, WITHOUT
  20:../../../Drivers/CMSIS/Include/cmsis_gcc.h ****  * WARRANTIES OR CONDITIONS OF ANY KIND, either express or implied.
  21:../../../Drivers/CMSIS/Include/cmsis_gcc.h ****  * See the License for the specific language governing permissions and
  22:../../../Drivers/CMSIS/Include/cmsis_gcc.h ****  * limitations under the License.
  23:../../../Drivers/CMSIS/Include/cmsis_gcc.h ****  */
  24:../../../Drivers/CMSIS/Include/cmsis_gcc.h **** 
  25:../../../Drivers/CMSIS/Include/cmsis_gcc.h **** #ifndef __CMSIS_GCC_H
  26:../../../Drivers/CMSIS/Include/cmsis_gcc.h **** #define __CMSIS_GCC_H
  27:../../../Drivers/CMSIS/Include/cmsis_gcc.h **** 
  28:../../../Drivers/CMSIS/Include/cmsis_gcc.h **** /* ignore some GCC warnings */
  29:../../../Drivers/CMSIS/Include/cmsis_gcc.h **** #pragma GCC diagnostic push
  30:../../../Drivers/CMSIS/Include/cmsis_gcc.h **** #pragma GCC diagnostic ignored "-Wsign-conversion"
  31:../../../Drivers/CMSIS/Include/cmsis_gcc.h **** #pragma GCC diagnostic ignored "-Wconversion"
  32:../../../Drivers/CMSIS/Include/cmsis_gcc.h **** #pragma GCC diagnostic ignored "-Wunused-parameter"
  33:../../../Drivers/CMSIS/Include/cmsis_gcc.h **** 
  34:../../../Drivers/CMSIS/Include/cmsis_gcc.h **** /* Fallback for __has_builtin */
  35:../../../Drivers/CMSIS/Include/cmsis_gcc.h **** #ifndef __has_builtin
  36:../../../Drivers/CMSIS/Include/cmsis_gcc.h ****   #define __has_builtin(x) (0)
  37:../../../Drivers/CMSIS/Include/cmsis_gcc.h **** #endif
  38:../../../Drivers/CMSIS/Include/cmsis_gcc.h **** 
  39:../../../Drivers/CMSIS/Include/cmsis_gcc.h **** /* CMSIS compiler specific defines */
  40:../../../Drivers/CMSIS/Include/cmsis_gcc.h **** #ifndef   __ASM
  41:../../../Drivers/CMSIS/Include/cmsis_gcc.h ****   #define __ASM                                  __asm
  42:../../../Drivers/CMSIS/Include/cmsis_gcc.h **** #endif
  43:../../../Drivers/CMSIS/Include/cmsis_gcc.h **** #ifndef   __INLINE
  44:../../../Drivers/CMSIS/Include/cmsis_gcc.h ****   #define __INLINE                               inline
ARM GAS  /var/folders/8_/jxtd4b9s00bc88bcp7k68tjr0000gn/T//cc82QCXR.s 			page 5


  45:../../../Drivers/CMSIS/Include/cmsis_gcc.h **** #endif
  46:../../../Drivers/CMSIS/Include/cmsis_gcc.h **** #ifndef   __STATIC_INLINE
  47:../../../Drivers/CMSIS/Include/cmsis_gcc.h ****   #define __STATIC_INLINE                        static inline
  48:../../../Drivers/CMSIS/Include/cmsis_gcc.h **** #endif
  49:../../../Drivers/CMSIS/Include/cmsis_gcc.h **** #ifndef   __STATIC_FORCEINLINE                 
  50:../../../Drivers/CMSIS/Include/cmsis_gcc.h ****   #define __STATIC_FORCEINLINE                   __attribute__((always_inline)) static inline
  51:../../../Drivers/CMSIS/Include/cmsis_gcc.h **** #endif                                           
  52:../../../Drivers/CMSIS/Include/cmsis_gcc.h **** #ifndef   __NO_RETURN
  53:../../../Drivers/CMSIS/Include/cmsis_gcc.h ****   #define __NO_RETURN                            __attribute__((__noreturn__))
  54:../../../Drivers/CMSIS/Include/cmsis_gcc.h **** #endif
  55:../../../Drivers/CMSIS/Include/cmsis_gcc.h **** #ifndef   __USED
  56:../../../Drivers/CMSIS/Include/cmsis_gcc.h ****   #define __USED                                 __attribute__((used))
  57:../../../Drivers/CMSIS/Include/cmsis_gcc.h **** #endif
  58:../../../Drivers/CMSIS/Include/cmsis_gcc.h **** #ifndef   __WEAK
  59:../../../Drivers/CMSIS/Include/cmsis_gcc.h ****   #define __WEAK                                 __attribute__((weak))
  60:../../../Drivers/CMSIS/Include/cmsis_gcc.h **** #endif
  61:../../../Drivers/CMSIS/Include/cmsis_gcc.h **** #ifndef   __PACKED
  62:../../../Drivers/CMSIS/Include/cmsis_gcc.h ****   #define __PACKED                               __attribute__((packed, aligned(1)))
  63:../../../Drivers/CMSIS/Include/cmsis_gcc.h **** #endif
  64:../../../Drivers/CMSIS/Include/cmsis_gcc.h **** #ifndef   __PACKED_STRUCT
  65:../../../Drivers/CMSIS/Include/cmsis_gcc.h ****   #define __PACKED_STRUCT                        struct __attribute__((packed, aligned(1)))
  66:../../../Drivers/CMSIS/Include/cmsis_gcc.h **** #endif
  67:../../../Drivers/CMSIS/Include/cmsis_gcc.h **** #ifndef   __PACKED_UNION
  68:../../../Drivers/CMSIS/Include/cmsis_gcc.h ****   #define __PACKED_UNION                         union __attribute__((packed, aligned(1)))
  69:../../../Drivers/CMSIS/Include/cmsis_gcc.h **** #endif
  70:../../../Drivers/CMSIS/Include/cmsis_gcc.h **** #ifndef   __UNALIGNED_UINT32        /* deprecated */
  71:../../../Drivers/CMSIS/Include/cmsis_gcc.h ****   #pragma GCC diagnostic push
  72:../../../Drivers/CMSIS/Include/cmsis_gcc.h ****   #pragma GCC diagnostic ignored "-Wpacked"
  73:../../../Drivers/CMSIS/Include/cmsis_gcc.h ****   #pragma GCC diagnostic ignored "-Wattributes"
  74:../../../Drivers/CMSIS/Include/cmsis_gcc.h ****   struct __attribute__((packed)) T_UINT32 { uint32_t v; };
  75:../../../Drivers/CMSIS/Include/cmsis_gcc.h ****   #pragma GCC diagnostic pop
  76:../../../Drivers/CMSIS/Include/cmsis_gcc.h ****   #define __UNALIGNED_UINT32(x)                  (((struct T_UINT32 *)(x))->v)
  77:../../../Drivers/CMSIS/Include/cmsis_gcc.h **** #endif
  78:../../../Drivers/CMSIS/Include/cmsis_gcc.h **** #ifndef   __UNALIGNED_UINT16_WRITE
  79:../../../Drivers/CMSIS/Include/cmsis_gcc.h ****   #pragma GCC diagnostic push
  80:../../../Drivers/CMSIS/Include/cmsis_gcc.h ****   #pragma GCC diagnostic ignored "-Wpacked"
  81:../../../Drivers/CMSIS/Include/cmsis_gcc.h ****   #pragma GCC diagnostic ignored "-Wattributes"
  82:../../../Drivers/CMSIS/Include/cmsis_gcc.h ****   __PACKED_STRUCT T_UINT16_WRITE { uint16_t v; };
  83:../../../Drivers/CMSIS/Include/cmsis_gcc.h ****   #pragma GCC diagnostic pop
  84:../../../Drivers/CMSIS/Include/cmsis_gcc.h ****   #define __UNALIGNED_UINT16_WRITE(addr, val)    (void)((((struct T_UINT16_WRITE *)(void *)(addr))-
  85:../../../Drivers/CMSIS/Include/cmsis_gcc.h **** #endif
  86:../../../Drivers/CMSIS/Include/cmsis_gcc.h **** #ifndef   __UNALIGNED_UINT16_READ
  87:../../../Drivers/CMSIS/Include/cmsis_gcc.h ****   #pragma GCC diagnostic push
  88:../../../Drivers/CMSIS/Include/cmsis_gcc.h ****   #pragma GCC diagnostic ignored "-Wpacked"
  89:../../../Drivers/CMSIS/Include/cmsis_gcc.h ****   #pragma GCC diagnostic ignored "-Wattributes"
  90:../../../Drivers/CMSIS/Include/cmsis_gcc.h ****   __PACKED_STRUCT T_UINT16_READ { uint16_t v; };
  91:../../../Drivers/CMSIS/Include/cmsis_gcc.h ****   #pragma GCC diagnostic pop
  92:../../../Drivers/CMSIS/Include/cmsis_gcc.h ****   #define __UNALIGNED_UINT16_READ(addr)          (((const struct T_UINT16_READ *)(const void *)(add
  93:../../../Drivers/CMSIS/Include/cmsis_gcc.h **** #endif
  94:../../../Drivers/CMSIS/Include/cmsis_gcc.h **** #ifndef   __UNALIGNED_UINT32_WRITE
  95:../../../Drivers/CMSIS/Include/cmsis_gcc.h ****   #pragma GCC diagnostic push
  96:../../../Drivers/CMSIS/Include/cmsis_gcc.h ****   #pragma GCC diagnostic ignored "-Wpacked"
  97:../../../Drivers/CMSIS/Include/cmsis_gcc.h ****   #pragma GCC diagnostic ignored "-Wattributes"
  98:../../../Drivers/CMSIS/Include/cmsis_gcc.h ****   __PACKED_STRUCT T_UINT32_WRITE { uint32_t v; };
  99:../../../Drivers/CMSIS/Include/cmsis_gcc.h ****   #pragma GCC diagnostic pop
 100:../../../Drivers/CMSIS/Include/cmsis_gcc.h ****   #define __UNALIGNED_UINT32_WRITE(addr, val)    (void)((((struct T_UINT32_WRITE *)(void *)(addr))-
 101:../../../Drivers/CMSIS/Include/cmsis_gcc.h **** #endif
ARM GAS  /var/folders/8_/jxtd4b9s00bc88bcp7k68tjr0000gn/T//cc82QCXR.s 			page 6


 102:../../../Drivers/CMSIS/Include/cmsis_gcc.h **** #ifndef   __UNALIGNED_UINT32_READ
 103:../../../Drivers/CMSIS/Include/cmsis_gcc.h ****   #pragma GCC diagnostic push
 104:../../../Drivers/CMSIS/Include/cmsis_gcc.h ****   #pragma GCC diagnostic ignored "-Wpacked"
 105:../../../Drivers/CMSIS/Include/cmsis_gcc.h ****   #pragma GCC diagnostic ignored "-Wattributes"
 106:../../../Drivers/CMSIS/Include/cmsis_gcc.h ****   __PACKED_STRUCT T_UINT32_READ { uint32_t v; };
 107:../../../Drivers/CMSIS/Include/cmsis_gcc.h ****   #pragma GCC diagnostic pop
 108:../../../Drivers/CMSIS/Include/cmsis_gcc.h ****   #define __UNALIGNED_UINT32_READ(addr)          (((const struct T_UINT32_READ *)(const void *)(add
 109:../../../Drivers/CMSIS/Include/cmsis_gcc.h **** #endif
 110:../../../Drivers/CMSIS/Include/cmsis_gcc.h **** #ifndef   __ALIGNED
 111:../../../Drivers/CMSIS/Include/cmsis_gcc.h ****   #define __ALIGNED(x)                           __attribute__((aligned(x)))
 112:../../../Drivers/CMSIS/Include/cmsis_gcc.h **** #endif
 113:../../../Drivers/CMSIS/Include/cmsis_gcc.h **** #ifndef   __RESTRICT
 114:../../../Drivers/CMSIS/Include/cmsis_gcc.h ****   #define __RESTRICT                             __restrict
 115:../../../Drivers/CMSIS/Include/cmsis_gcc.h **** #endif
 116:../../../Drivers/CMSIS/Include/cmsis_gcc.h **** 
 117:../../../Drivers/CMSIS/Include/cmsis_gcc.h **** 
 118:../../../Drivers/CMSIS/Include/cmsis_gcc.h **** /* ###########################  Core Function Access  ########################### */
 119:../../../Drivers/CMSIS/Include/cmsis_gcc.h **** /** \ingroup  CMSIS_Core_FunctionInterface
 120:../../../Drivers/CMSIS/Include/cmsis_gcc.h ****     \defgroup CMSIS_Core_RegAccFunctions CMSIS Core Register Access Functions
 121:../../../Drivers/CMSIS/Include/cmsis_gcc.h ****   @{
 122:../../../Drivers/CMSIS/Include/cmsis_gcc.h ****  */
 123:../../../Drivers/CMSIS/Include/cmsis_gcc.h **** 
 124:../../../Drivers/CMSIS/Include/cmsis_gcc.h **** /**
 125:../../../Drivers/CMSIS/Include/cmsis_gcc.h ****   \brief   Enable IRQ Interrupts
 126:../../../Drivers/CMSIS/Include/cmsis_gcc.h ****   \details Enables IRQ interrupts by clearing the I-bit in the CPSR.
 127:../../../Drivers/CMSIS/Include/cmsis_gcc.h ****            Can only be executed in Privileged modes.
 128:../../../Drivers/CMSIS/Include/cmsis_gcc.h ****  */
 129:../../../Drivers/CMSIS/Include/cmsis_gcc.h **** __STATIC_FORCEINLINE void __enable_irq(void)
 130:../../../Drivers/CMSIS/Include/cmsis_gcc.h **** {
 131:../../../Drivers/CMSIS/Include/cmsis_gcc.h ****   __ASM volatile ("cpsie i" : : : "memory");
 132:../../../Drivers/CMSIS/Include/cmsis_gcc.h **** }
 133:../../../Drivers/CMSIS/Include/cmsis_gcc.h **** 
 134:../../../Drivers/CMSIS/Include/cmsis_gcc.h **** 
 135:../../../Drivers/CMSIS/Include/cmsis_gcc.h **** /**
 136:../../../Drivers/CMSIS/Include/cmsis_gcc.h ****   \brief   Disable IRQ Interrupts
 137:../../../Drivers/CMSIS/Include/cmsis_gcc.h ****   \details Disables IRQ interrupts by setting the I-bit in the CPSR.
 138:../../../Drivers/CMSIS/Include/cmsis_gcc.h ****            Can only be executed in Privileged modes.
 139:../../../Drivers/CMSIS/Include/cmsis_gcc.h ****  */
 140:../../../Drivers/CMSIS/Include/cmsis_gcc.h **** __STATIC_FORCEINLINE void __disable_irq(void)
  37              		.loc 2 140 27 view .LVU2
  38              	.LBB5:
 141:../../../Drivers/CMSIS/Include/cmsis_gcc.h **** {
 142:../../../Drivers/CMSIS/Include/cmsis_gcc.h ****   __ASM volatile ("cpsid i" : : : "memory");
  39              		.loc 2 142 3 view .LVU3
  40              		.syntax unified
  41              	@ 142 "../../../Drivers/CMSIS/Include/cmsis_gcc.h" 1
  42 0000 72B6     		cpsid i
  43              	@ 0 "" 2
  44              		.thumb
  45              		.syntax unified
  46              	.L2:
  47              	.LBE5:
  48              	.LBE4:
 150:main.c        ****   while (1)
  49              		.loc 1 150 3 discriminator 1 view .LVU4
 151:main.c        ****   {
 152:main.c        ****   }
ARM GAS  /var/folders/8_/jxtd4b9s00bc88bcp7k68tjr0000gn/T//cc82QCXR.s 			page 7


  50              		.loc 1 152 3 discriminator 1 view .LVU5
 150:main.c        ****   while (1)
  51              		.loc 1 150 9 discriminator 1 view .LVU6
  52 0002 FEE7     		b	.L2
  53              		.cfi_endproc
  54              	.LFE67:
  56              		.section	.text.SystemClock_Config,"ax",%progbits
  57              		.align	1
  58              		.global	SystemClock_Config
  59              		.syntax unified
  60              		.thumb
  61              		.thumb_func
  62              		.fpu softvfp
  64              	SystemClock_Config:
  65              	.LFB66:
 107:main.c        ****   RCC_OscInitTypeDef RCC_OscInitStruct = {0};
  66              		.loc 1 107 1 view -0
  67              		.cfi_startproc
  68              		@ args = 0, pretend = 0, frame = 64
  69              		@ frame_needed = 0, uses_anonymous_args = 0
  70 0000 00B5     		push	{lr}
  71              	.LCFI0:
  72              		.cfi_def_cfa_offset 4
  73              		.cfi_offset 14, -4
  74 0002 91B0     		sub	sp, sp, #68
  75              	.LCFI1:
  76              		.cfi_def_cfa_offset 72
 108:main.c        ****   RCC_ClkInitTypeDef RCC_ClkInitStruct = {0};
  77              		.loc 1 108 3 view .LVU8
 108:main.c        ****   RCC_ClkInitTypeDef RCC_ClkInitStruct = {0};
  78              		.loc 1 108 22 is_stmt 0 view .LVU9
  79 0004 2422     		movs	r2, #36
  80 0006 0021     		movs	r1, #0
  81 0008 07A8     		add	r0, sp, #28
  82 000a FFF7FEFF 		bl	memset
  83              	.LVL0:
 109:main.c        **** 
  84              		.loc 1 109 3 is_stmt 1 view .LVU10
 109:main.c        **** 
  85              		.loc 1 109 22 is_stmt 0 view .LVU11
  86 000e 0023     		movs	r3, #0
  87 0010 0193     		str	r3, [sp, #4]
  88 0012 0293     		str	r3, [sp, #8]
  89 0014 0393     		str	r3, [sp, #12]
  90 0016 0493     		str	r3, [sp, #16]
  91 0018 0593     		str	r3, [sp, #20]
 114:main.c        ****   RCC_OscInitStruct.HSIState = RCC_HSI_ON;
  92              		.loc 1 114 3 is_stmt 1 view .LVU12
 114:main.c        ****   RCC_OscInitStruct.HSIState = RCC_HSI_ON;
  93              		.loc 1 114 36 is_stmt 0 view .LVU13
  94 001a 0223     		movs	r3, #2
  95 001c 0693     		str	r3, [sp, #24]
 115:main.c        ****   RCC_OscInitStruct.HSICalibrationValue = RCC_HSICALIBRATION_DEFAULT;
  96              		.loc 1 115 3 is_stmt 1 view .LVU14
 115:main.c        ****   RCC_OscInitStruct.HSICalibrationValue = RCC_HSICALIBRATION_DEFAULT;
  97              		.loc 1 115 30 is_stmt 0 view .LVU15
  98 001e 0123     		movs	r3, #1
ARM GAS  /var/folders/8_/jxtd4b9s00bc88bcp7k68tjr0000gn/T//cc82QCXR.s 			page 8


  99 0020 0A93     		str	r3, [sp, #40]
 116:main.c        ****   RCC_OscInitStruct.PLL.PLLState = RCC_PLL_NONE;
 100              		.loc 1 116 3 is_stmt 1 view .LVU16
 116:main.c        ****   RCC_OscInitStruct.PLL.PLLState = RCC_PLL_NONE;
 101              		.loc 1 116 41 is_stmt 0 view .LVU17
 102 0022 1023     		movs	r3, #16
 103 0024 0B93     		str	r3, [sp, #44]
 117:main.c        ****   if (HAL_RCC_OscConfig(&RCC_OscInitStruct) != HAL_OK)
 104              		.loc 1 117 3 is_stmt 1 view .LVU18
 118:main.c        ****   {
 105              		.loc 1 118 3 view .LVU19
 118:main.c        ****   {
 106              		.loc 1 118 7 is_stmt 0 view .LVU20
 107 0026 06A8     		add	r0, sp, #24
 108 0028 FFF7FEFF 		bl	HAL_RCC_OscConfig
 109              	.LVL1:
 118:main.c        ****   {
 110              		.loc 1 118 6 view .LVU21
 111 002c 78B9     		cbnz	r0, .L7
 124:main.c        ****                               |RCC_CLOCKTYPE_PCLK1|RCC_CLOCKTYPE_PCLK2;
 112              		.loc 1 124 3 is_stmt 1 view .LVU22
 124:main.c        ****                               |RCC_CLOCKTYPE_PCLK1|RCC_CLOCKTYPE_PCLK2;
 113              		.loc 1 124 31 is_stmt 0 view .LVU23
 114 002e 0F23     		movs	r3, #15
 115 0030 0193     		str	r3, [sp, #4]
 126:main.c        ****   RCC_ClkInitStruct.AHBCLKDivider = RCC_SYSCLK_DIV1;
 116              		.loc 1 126 3 is_stmt 1 view .LVU24
 126:main.c        ****   RCC_ClkInitStruct.AHBCLKDivider = RCC_SYSCLK_DIV1;
 117              		.loc 1 126 34 is_stmt 0 view .LVU25
 118 0032 0021     		movs	r1, #0
 119 0034 0291     		str	r1, [sp, #8]
 127:main.c        ****   RCC_ClkInitStruct.APB1CLKDivider = RCC_HCLK_DIV2;
 120              		.loc 1 127 3 is_stmt 1 view .LVU26
 127:main.c        ****   RCC_ClkInitStruct.APB1CLKDivider = RCC_HCLK_DIV2;
 121              		.loc 1 127 35 is_stmt 0 view .LVU27
 122 0036 0391     		str	r1, [sp, #12]
 128:main.c        ****   RCC_ClkInitStruct.APB2CLKDivider = RCC_HCLK_DIV1;
 123              		.loc 1 128 3 is_stmt 1 view .LVU28
 128:main.c        ****   RCC_ClkInitStruct.APB2CLKDivider = RCC_HCLK_DIV1;
 124              		.loc 1 128 36 is_stmt 0 view .LVU29
 125 0038 4FF48063 		mov	r3, #1024
 126 003c 0493     		str	r3, [sp, #16]
 129:main.c        **** 
 127              		.loc 1 129 3 is_stmt 1 view .LVU30
 129:main.c        **** 
 128              		.loc 1 129 36 is_stmt 0 view .LVU31
 129 003e 0591     		str	r1, [sp, #20]
 131:main.c        ****   {
 130              		.loc 1 131 3 is_stmt 1 view .LVU32
 131:main.c        ****   {
 131              		.loc 1 131 7 is_stmt 0 view .LVU33
 132 0040 01A8     		add	r0, sp, #4
 133 0042 FFF7FEFF 		bl	HAL_RCC_ClockConfig
 134              	.LVL2:
 131:main.c        ****   {
 135              		.loc 1 131 6 view .LVU34
 136 0046 20B9     		cbnz	r0, .L8
ARM GAS  /var/folders/8_/jxtd4b9s00bc88bcp7k68tjr0000gn/T//cc82QCXR.s 			page 9


 135:main.c        **** 
 137              		.loc 1 135 1 view .LVU35
 138 0048 11B0     		add	sp, sp, #68
 139              	.LCFI2:
 140              		.cfi_remember_state
 141              		.cfi_def_cfa_offset 4
 142              		@ sp needed
 143 004a 5DF804FB 		ldr	pc, [sp], #4
 144              	.L7:
 145              	.LCFI3:
 146              		.cfi_restore_state
 120:main.c        ****   }
 147              		.loc 1 120 5 is_stmt 1 view .LVU36
 148 004e FFF7FEFF 		bl	Error_Handler
 149              	.LVL3:
 150              	.L8:
 133:main.c        ****   }
 151              		.loc 1 133 5 view .LVU37
 152 0052 FFF7FEFF 		bl	Error_Handler
 153              	.LVL4:
 154              		.cfi_endproc
 155              	.LFE66:
 157              		.section	.text.main,"ax",%progbits
 158              		.align	1
 159              		.global	main
 160              		.syntax unified
 161              		.thumb
 162              		.thumb_func
 163              		.fpu softvfp
 165              	main:
 166              	.LFB65:
  64:main.c        ****   /* USER CODE BEGIN 1 */
 167              		.loc 1 64 1 view -0
 168              		.cfi_startproc
 169              		@ Volatile: function does not return.
 170              		@ args = 0, pretend = 0, frame = 0
 171              		@ frame_needed = 0, uses_anonymous_args = 0
 172 0000 08B5     		push	{r3, lr}
 173              	.LCFI4:
 174              		.cfi_def_cfa_offset 8
 175              		.cfi_offset 3, -8
 176              		.cfi_offset 14, -4
  72:main.c        **** 
 177              		.loc 1 72 3 view .LVU39
 178 0002 FFF7FEFF 		bl	HAL_Init
 179              	.LVL5:
  80:main.c        **** 
 180              		.loc 1 80 3 view .LVU40
 181 0006 FFF7FEFF 		bl	SystemClock_Config
 182              	.LVL6:
 183              	.L10:
  93:main.c        ****   {
 184              		.loc 1 93 3 discriminator 1 view .LVU41
  98:main.c        ****   /* USER CODE END 3 */
 185              		.loc 1 98 3 discriminator 1 view .LVU42
  93:main.c        ****   {
 186              		.loc 1 93 9 discriminator 1 view .LVU43
ARM GAS  /var/folders/8_/jxtd4b9s00bc88bcp7k68tjr0000gn/T//cc82QCXR.s 			page 10


 187 000a FEE7     		b	.L10
 188              		.cfi_endproc
 189              	.LFE65:
 191              		.text
 192              	.Letext0:
 193              		.file 3 "/usr/local/Cellar/arm-none-eabi-gcc/9-2019-q4-major/gcc/arm-none-eabi/include/machine/_de
 194              		.file 4 "/usr/local/Cellar/arm-none-eabi-gcc/9-2019-q4-major/gcc/arm-none-eabi/include/sys/_stdint
 195              		.file 5 "../../../Drivers/CMSIS/Include/core_cm3.h"
 196              		.file 6 "../../../Drivers/CMSIS/Device/ST/STM32F1xx/Include/system_stm32f1xx.h"
 197              		.file 7 "../../../Drivers/STM32F1xx_HAL_Driver/Inc/stm32f1xx_hal_rcc.h"
 198              		.file 8 "../../../Drivers/STM32F1xx_HAL_Driver/Inc/stm32f1xx_hal_rcc_ex.h"
 199              		.file 9 "../../../Drivers/STM32F1xx_HAL_Driver/Inc/stm32f1xx_hal_def.h"
 200              		.file 10 "../../../Drivers/STM32F1xx_HAL_Driver/Inc/stm32f1xx_hal.h"
 201              		.file 11 "<built-in>"
ARM GAS  /var/folders/8_/jxtd4b9s00bc88bcp7k68tjr0000gn/T//cc82QCXR.s 			page 11


DEFINED SYMBOLS
                            *ABS*:0000000000000000 main.c
/var/folders/8_/jxtd4b9s00bc88bcp7k68tjr0000gn/T//cc82QCXR.s:16     .text.Error_Handler:0000000000000000 $t
/var/folders/8_/jxtd4b9s00bc88bcp7k68tjr0000gn/T//cc82QCXR.s:24     .text.Error_Handler:0000000000000000 Error_Handler
/var/folders/8_/jxtd4b9s00bc88bcp7k68tjr0000gn/T//cc82QCXR.s:57     .text.SystemClock_Config:0000000000000000 $t
/var/folders/8_/jxtd4b9s00bc88bcp7k68tjr0000gn/T//cc82QCXR.s:64     .text.SystemClock_Config:0000000000000000 SystemClock_Config
/var/folders/8_/jxtd4b9s00bc88bcp7k68tjr0000gn/T//cc82QCXR.s:158    .text.main:0000000000000000 $t
/var/folders/8_/jxtd4b9s00bc88bcp7k68tjr0000gn/T//cc82QCXR.s:165    .text.main:0000000000000000 main

UNDEFINED SYMBOLS
memset
HAL_RCC_OscConfig
HAL_RCC_ClockConfig
HAL_Init
