ARM GAS  /var/folders/8_/jxtd4b9s00bc88bcp7k68tjr0000gn/T//ccD9PxmV.s 			page 1


   1              		.cpu cortex-m3
   2              		.eabi_attribute 20, 1
   3              		.eabi_attribute 21, 1
   4              		.eabi_attribute 23, 3
   5              		.eabi_attribute 24, 1
   6              		.eabi_attribute 25, 1
   7              		.eabi_attribute 26, 1
   8              		.eabi_attribute 30, 1
   9              		.eabi_attribute 34, 1
  10              		.eabi_attribute 18, 4
  11              		.file	"stm32f1xx_hal_msp.c"
  12              		.text
  13              	.Ltext0:
  14              		.cfi_sections	.debug_frame
  15              		.section	.text.HAL_MspInit,"ax",%progbits
  16              		.align	1
  17              		.global	HAL_MspInit
  18              		.arch armv7-m
  19              		.syntax unified
  20              		.thumb
  21              		.thumb_func
  22              		.fpu softvfp
  24              	HAL_MspInit:
  25              	.LFB65:
  26              		.file 1 "stm32f1xx_hal_msp.c"
   1:stm32f1xx_hal_msp.c **** /* USER CODE BEGIN Header */
   2:stm32f1xx_hal_msp.c **** /**
   3:stm32f1xx_hal_msp.c ****   ******************************************************************************
   4:stm32f1xx_hal_msp.c ****   * @file         stm32f1xx_hal_msp.c
   5:stm32f1xx_hal_msp.c ****   * @brief        This file provides code for the MSP Initialization
   6:stm32f1xx_hal_msp.c ****   *               and de-Initialization codes.
   7:stm32f1xx_hal_msp.c ****   ******************************************************************************
   8:stm32f1xx_hal_msp.c ****   * @attention
   9:stm32f1xx_hal_msp.c ****   *
  10:stm32f1xx_hal_msp.c ****   * <h2><center>&copy; Copyright (c) 2021 STMicroelectronics.
  11:stm32f1xx_hal_msp.c ****   * All rights reserved.</center></h2>
  12:stm32f1xx_hal_msp.c ****   *
  13:stm32f1xx_hal_msp.c ****   * This software component is licensed by ST under BSD 3-Clause license,
  14:stm32f1xx_hal_msp.c ****   * the "License"; You may not use this file except in compliance with the
  15:stm32f1xx_hal_msp.c ****   * License. You may obtain a copy of the License at:
  16:stm32f1xx_hal_msp.c ****   *                        opensource.org/licenses/BSD-3-Clause
  17:stm32f1xx_hal_msp.c ****   *
  18:stm32f1xx_hal_msp.c ****   ******************************************************************************
  19:stm32f1xx_hal_msp.c ****   */
  20:stm32f1xx_hal_msp.c **** /* USER CODE END Header */
  21:stm32f1xx_hal_msp.c **** 
  22:stm32f1xx_hal_msp.c **** /* Includes ------------------------------------------------------------------*/
  23:stm32f1xx_hal_msp.c **** #include "main.h"
  24:stm32f1xx_hal_msp.c **** /* USER CODE BEGIN Includes */
  25:stm32f1xx_hal_msp.c **** 
  26:stm32f1xx_hal_msp.c **** /* USER CODE END Includes */
  27:stm32f1xx_hal_msp.c **** 
  28:stm32f1xx_hal_msp.c **** /* Private typedef -----------------------------------------------------------*/
  29:stm32f1xx_hal_msp.c **** /* USER CODE BEGIN TD */
  30:stm32f1xx_hal_msp.c **** 
  31:stm32f1xx_hal_msp.c **** /* USER CODE END TD */
  32:stm32f1xx_hal_msp.c **** 
ARM GAS  /var/folders/8_/jxtd4b9s00bc88bcp7k68tjr0000gn/T//ccD9PxmV.s 			page 2


  33:stm32f1xx_hal_msp.c **** /* Private define ------------------------------------------------------------*/
  34:stm32f1xx_hal_msp.c **** /* USER CODE BEGIN Define */
  35:stm32f1xx_hal_msp.c **** 
  36:stm32f1xx_hal_msp.c **** /* USER CODE END Define */
  37:stm32f1xx_hal_msp.c **** 
  38:stm32f1xx_hal_msp.c **** /* Private macro -------------------------------------------------------------*/
  39:stm32f1xx_hal_msp.c **** /* USER CODE BEGIN Macro */
  40:stm32f1xx_hal_msp.c **** 
  41:stm32f1xx_hal_msp.c **** /* USER CODE END Macro */
  42:stm32f1xx_hal_msp.c **** 
  43:stm32f1xx_hal_msp.c **** /* Private variables ---------------------------------------------------------*/
  44:stm32f1xx_hal_msp.c **** /* USER CODE BEGIN PV */
  45:stm32f1xx_hal_msp.c **** 
  46:stm32f1xx_hal_msp.c **** /* USER CODE END PV */
  47:stm32f1xx_hal_msp.c **** 
  48:stm32f1xx_hal_msp.c **** /* Private function prototypes -----------------------------------------------*/
  49:stm32f1xx_hal_msp.c **** /* USER CODE BEGIN PFP */
  50:stm32f1xx_hal_msp.c **** 
  51:stm32f1xx_hal_msp.c **** /* USER CODE END PFP */
  52:stm32f1xx_hal_msp.c **** 
  53:stm32f1xx_hal_msp.c **** /* External functions --------------------------------------------------------*/
  54:stm32f1xx_hal_msp.c **** /* USER CODE BEGIN ExternalFunctions */
  55:stm32f1xx_hal_msp.c **** 
  56:stm32f1xx_hal_msp.c **** /* USER CODE END ExternalFunctions */
  57:stm32f1xx_hal_msp.c **** 
  58:stm32f1xx_hal_msp.c **** /* USER CODE BEGIN 0 */
  59:stm32f1xx_hal_msp.c **** 
  60:stm32f1xx_hal_msp.c **** /* USER CODE END 0 */
  61:stm32f1xx_hal_msp.c **** /**
  62:stm32f1xx_hal_msp.c ****   * Initializes the Global MSP.
  63:stm32f1xx_hal_msp.c ****   */
  64:stm32f1xx_hal_msp.c **** void HAL_MspInit(void)
  65:stm32f1xx_hal_msp.c **** {
  27              		.loc 1 65 1 view -0
  28              		.cfi_startproc
  29              		@ args = 0, pretend = 0, frame = 8
  30              		@ frame_needed = 0, uses_anonymous_args = 0
  31              		@ link register save eliminated.
  32 0000 82B0     		sub	sp, sp, #8
  33              	.LCFI0:
  34              		.cfi_def_cfa_offset 8
  66:stm32f1xx_hal_msp.c ****   /* USER CODE BEGIN MspInit 0 */
  67:stm32f1xx_hal_msp.c **** 
  68:stm32f1xx_hal_msp.c ****   /* USER CODE END MspInit 0 */
  69:stm32f1xx_hal_msp.c **** 
  70:stm32f1xx_hal_msp.c ****   __HAL_RCC_AFIO_CLK_ENABLE();
  35              		.loc 1 70 3 view .LVU1
  36              	.LBB2:
  37              		.loc 1 70 3 view .LVU2
  38              		.loc 1 70 3 view .LVU3
  39 0002 0E4B     		ldr	r3, .L3
  40 0004 9A69     		ldr	r2, [r3, #24]
  41 0006 42F00102 		orr	r2, r2, #1
  42 000a 9A61     		str	r2, [r3, #24]
  43              		.loc 1 70 3 view .LVU4
  44 000c 9A69     		ldr	r2, [r3, #24]
  45 000e 02F00102 		and	r2, r2, #1
ARM GAS  /var/folders/8_/jxtd4b9s00bc88bcp7k68tjr0000gn/T//ccD9PxmV.s 			page 3


  46 0012 0092     		str	r2, [sp]
  47              		.loc 1 70 3 view .LVU5
  48 0014 009A     		ldr	r2, [sp]
  49              	.LBE2:
  50              		.loc 1 70 3 view .LVU6
  71:stm32f1xx_hal_msp.c ****   __HAL_RCC_PWR_CLK_ENABLE();
  51              		.loc 1 71 3 view .LVU7
  52              	.LBB3:
  53              		.loc 1 71 3 view .LVU8
  54              		.loc 1 71 3 view .LVU9
  55 0016 DA69     		ldr	r2, [r3, #28]
  56 0018 42F08052 		orr	r2, r2, #268435456
  57 001c DA61     		str	r2, [r3, #28]
  58              		.loc 1 71 3 view .LVU10
  59 001e DB69     		ldr	r3, [r3, #28]
  60 0020 03F08053 		and	r3, r3, #268435456
  61 0024 0193     		str	r3, [sp, #4]
  62              		.loc 1 71 3 view .LVU11
  63 0026 019B     		ldr	r3, [sp, #4]
  64              	.LBE3:
  65              		.loc 1 71 3 view .LVU12
  72:stm32f1xx_hal_msp.c **** 
  73:stm32f1xx_hal_msp.c ****   /* System interrupt init*/
  74:stm32f1xx_hal_msp.c **** 
  75:stm32f1xx_hal_msp.c ****   /** DISABLE: JTAG-DP Disabled and SW-DP Disabled
  76:stm32f1xx_hal_msp.c ****   */
  77:stm32f1xx_hal_msp.c ****   __HAL_AFIO_REMAP_SWJ_DISABLE();
  66              		.loc 1 77 3 view .LVU13
  67              	.LBB4:
  68              		.loc 1 77 3 view .LVU14
  69 0028 054A     		ldr	r2, .L3+4
  70 002a 5368     		ldr	r3, [r2, #4]
  71              	.LVL0:
  72              		.loc 1 77 3 view .LVU15
  73 002c 23F0E063 		bic	r3, r3, #117440512
  74              	.LVL1:
  75              		.loc 1 77 3 view .LVU16
  76 0030 43F08063 		orr	r3, r3, #67108864
  77              	.LVL2:
  78              		.loc 1 77 3 view .LVU17
  79 0034 5360     		str	r3, [r2, #4]
  80              	.LBE4:
  81              		.loc 1 77 3 view .LVU18
  78:stm32f1xx_hal_msp.c **** 
  79:stm32f1xx_hal_msp.c ****   /* USER CODE BEGIN MspInit 1 */
  80:stm32f1xx_hal_msp.c **** 
  81:stm32f1xx_hal_msp.c ****   /* USER CODE END MspInit 1 */
  82:stm32f1xx_hal_msp.c **** }
  82              		.loc 1 82 1 is_stmt 0 view .LVU19
  83 0036 02B0     		add	sp, sp, #8
  84              	.LCFI1:
  85              		.cfi_def_cfa_offset 0
  86              		@ sp needed
  87 0038 7047     		bx	lr
  88              	.L4:
  89 003a 00BF     		.align	2
  90              	.L3:
ARM GAS  /var/folders/8_/jxtd4b9s00bc88bcp7k68tjr0000gn/T//ccD9PxmV.s 			page 4


  91 003c 00100240 		.word	1073876992
  92 0040 00000140 		.word	1073807360
  93              		.cfi_endproc
  94              	.LFE65:
  96              		.text
  97              	.Letext0:
  98              		.file 2 "/usr/local/Cellar/arm-none-eabi-gcc/9-2019-q4-major/gcc/arm-none-eabi/include/machine/_de
  99              		.file 3 "/usr/local/Cellar/arm-none-eabi-gcc/9-2019-q4-major/gcc/arm-none-eabi/include/sys/_stdint
 100              		.file 4 "../../../Drivers/CMSIS/Include/core_cm3.h"
 101              		.file 5 "../../../Drivers/CMSIS/Device/ST/STM32F1xx/Include/system_stm32f1xx.h"
 102              		.file 6 "../../../Drivers/CMSIS/Device/ST/STM32F1xx/Include/stm32f103xe.h"
 103              		.file 7 "../../../Drivers/STM32F1xx_HAL_Driver/Inc/stm32f1xx_hal.h"
ARM GAS  /var/folders/8_/jxtd4b9s00bc88bcp7k68tjr0000gn/T//ccD9PxmV.s 			page 5


DEFINED SYMBOLS
                            *ABS*:0000000000000000 stm32f1xx_hal_msp.c
/var/folders/8_/jxtd4b9s00bc88bcp7k68tjr0000gn/T//ccD9PxmV.s:16     .text.HAL_MspInit:0000000000000000 $t
/var/folders/8_/jxtd4b9s00bc88bcp7k68tjr0000gn/T//ccD9PxmV.s:24     .text.HAL_MspInit:0000000000000000 HAL_MspInit
/var/folders/8_/jxtd4b9s00bc88bcp7k68tjr0000gn/T//ccD9PxmV.s:91     .text.HAL_MspInit:000000000000003c $d

NO UNDEFINED SYMBOLS
